Started GET "/mutants" for 127.0.0.1 at 2018-06-02 21:15:30 -0500
  
ActiveRecord::PendingMigrationError (

Migrations are pending. To resolve this issue, run:

        bin/rails db:migrate RAILS_ENV=development

):
  
activerecord (5.2.0) lib/active_record/migration.rb:579:in `check_pending!'
activerecord (5.2.0) lib/active_record/migration.rb:556:in `call'
actionpack (5.2.0) lib/action_dispatch/middleware/callbacks.rb:28:in `block in call'
activesupport (5.2.0) lib/active_support/callbacks.rb:98:in `run_callbacks'
actionpack (5.2.0) lib/action_dispatch/middleware/callbacks.rb:26:in `call'
actionpack (5.2.0) lib/action_dispatch/middleware/executor.rb:14:in `call'
actionpack (5.2.0) lib/action_dispatch/middleware/debug_exceptions.rb:61:in `call'
actionpack (5.2.0) lib/action_dispatch/middleware/show_exceptions.rb:33:in `call'
railties (5.2.0) lib/rails/rack/logger.rb:38:in `call_app'
railties (5.2.0) lib/rails/rack/logger.rb:26:in `block in call'
activesupport (5.2.0) lib/active_support/tagged_logging.rb:71:in `block in tagged'
activesupport (5.2.0) lib/active_support/tagged_logging.rb:28:in `tagged'
activesupport (5.2.0) lib/active_support/tagged_logging.rb:71:in `tagged'
railties (5.2.0) lib/rails/rack/logger.rb:26:in `call'
actionpack (5.2.0) lib/action_dispatch/middleware/remote_ip.rb:81:in `call'
actionpack (5.2.0) lib/action_dispatch/middleware/request_id.rb:27:in `call'
rack (2.0.5) lib/rack/runtime.rb:22:in `call'
activesupport (5.2.0) lib/active_support/cache/strategy/local_cache_middleware.rb:29:in `call'
actionpack (5.2.0) lib/action_dispatch/middleware/executor.rb:14:in `call'
actionpack (5.2.0) lib/action_dispatch/middleware/static.rb:127:in `call'
rack (2.0.5) lib/rack/sendfile.rb:111:in `call'
railties (5.2.0) lib/rails/engine.rb:524:in `call'
puma (3.11.4) lib/puma/configuration.rb:225:in `call'
puma (3.11.4) lib/puma/server.rb:632:in `handle_request'
puma (3.11.4) lib/puma/server.rb:446:in `process_client'
puma (3.11.4) lib/puma/server.rb:306:in `block in run'
puma (3.11.4) lib/puma/thread_pool.rb:120:in `block in spawn_thread'
Started GET "/mutant" for 127.0.0.1 at 2018-06-02 21:15:35 -0500
  
ActiveRecord::PendingMigrationError (

Migrations are pending. To resolve this issue, run:

        bin/rails db:migrate RAILS_ENV=development

):
  
activerecord (5.2.0) lib/active_record/migration.rb:579:in `check_pending!'
activerecord (5.2.0) lib/active_record/migration.rb:556:in `call'
actionpack (5.2.0) lib/action_dispatch/middleware/callbacks.rb:28:in `block in call'
activesupport (5.2.0) lib/active_support/callbacks.rb:98:in `run_callbacks'
actionpack (5.2.0) lib/action_dispatch/middleware/callbacks.rb:26:in `call'
actionpack (5.2.0) lib/action_dispatch/middleware/executor.rb:14:in `call'
actionpack (5.2.0) lib/action_dispatch/middleware/debug_exceptions.rb:61:in `call'
actionpack (5.2.0) lib/action_dispatch/middleware/show_exceptions.rb:33:in `call'
railties (5.2.0) lib/rails/rack/logger.rb:38:in `call_app'
railties (5.2.0) lib/rails/rack/logger.rb:26:in `block in call'
activesupport (5.2.0) lib/active_support/tagged_logging.rb:71:in `block in tagged'
activesupport (5.2.0) lib/active_support/tagged_logging.rb:28:in `tagged'
activesupport (5.2.0) lib/active_support/tagged_logging.rb:71:in `tagged'
railties (5.2.0) lib/rails/rack/logger.rb:26:in `call'
actionpack (5.2.0) lib/action_dispatch/middleware/remote_ip.rb:81:in `call'
actionpack (5.2.0) lib/action_dispatch/middleware/request_id.rb:27:in `call'
rack (2.0.5) lib/rack/runtime.rb:22:in `call'
activesupport (5.2.0) lib/active_support/cache/strategy/local_cache_middleware.rb:29:in `call'
actionpack (5.2.0) lib/action_dispatch/middleware/executor.rb:14:in `call'
actionpack (5.2.0) lib/action_dispatch/middleware/static.rb:127:in `call'
rack (2.0.5) lib/rack/sendfile.rb:111:in `call'
railties (5.2.0) lib/rails/engine.rb:524:in `call'
puma (3.11.4) lib/puma/configuration.rb:225:in `call'
puma (3.11.4) lib/puma/server.rb:632:in `handle_request'
puma (3.11.4) lib/puma/server.rb:446:in `process_client'
puma (3.11.4) lib/puma/server.rb:306:in `block in run'
puma (3.11.4) lib/puma/thread_pool.rb:120:in `block in spawn_thread'
Started GET "/mutant" for 127.0.0.1 at 2018-06-02 21:15:37 -0500
  
ActiveRecord::PendingMigrationError (

Migrations are pending. To resolve this issue, run:

        bin/rails db:migrate RAILS_ENV=development

):
  
activerecord (5.2.0) lib/active_record/migration.rb:579:in `check_pending!'
activerecord (5.2.0) lib/active_record/migration.rb:556:in `call'
actionpack (5.2.0) lib/action_dispatch/middleware/callbacks.rb:28:in `block in call'
activesupport (5.2.0) lib/active_support/callbacks.rb:98:in `run_callbacks'
actionpack (5.2.0) lib/action_dispatch/middleware/callbacks.rb:26:in `call'
actionpack (5.2.0) lib/action_dispatch/middleware/executor.rb:14:in `call'
actionpack (5.2.0) lib/action_dispatch/middleware/debug_exceptions.rb:61:in `call'
actionpack (5.2.0) lib/action_dispatch/middleware/show_exceptions.rb:33:in `call'
railties (5.2.0) lib/rails/rack/logger.rb:38:in `call_app'
railties (5.2.0) lib/rails/rack/logger.rb:26:in `block in call'
activesupport (5.2.0) lib/active_support/tagged_logging.rb:71:in `block in tagged'
activesupport (5.2.0) lib/active_support/tagged_logging.rb:28:in `tagged'
activesupport (5.2.0) lib/active_support/tagged_logging.rb:71:in `tagged'
railties (5.2.0) lib/rails/rack/logger.rb:26:in `call'
actionpack (5.2.0) lib/action_dispatch/middleware/remote_ip.rb:81:in `call'
actionpack (5.2.0) lib/action_dispatch/middleware/request_id.rb:27:in `call'
rack (2.0.5) lib/rack/runtime.rb:22:in `call'
activesupport (5.2.0) lib/active_support/cache/strategy/local_cache_middleware.rb:29:in `call'
actionpack (5.2.0) lib/action_dispatch/middleware/executor.rb:14:in `call'
actionpack (5.2.0) lib/action_dispatch/middleware/static.rb:127:in `call'
rack (2.0.5) lib/rack/sendfile.rb:111:in `call'
railties (5.2.0) lib/rails/engine.rb:524:in `call'
puma (3.11.4) lib/puma/configuration.rb:225:in `call'
puma (3.11.4) lib/puma/server.rb:632:in `handle_request'
puma (3.11.4) lib/puma/server.rb:446:in `process_client'
puma (3.11.4) lib/puma/server.rb:306:in `block in run'
puma (3.11.4) lib/puma/thread_pool.rb:120:in `block in spawn_thread'
  [1m[35m (0.1ms)[0m  [1m[34mSELECT sqlite_version(*)[0m
  ↳ bin/rails:9
  [1m[35m (1.4ms)[0m  [1m[35mCREATE TABLE "schema_migrations" ("version" varchar NOT NULL PRIMARY KEY)[0m
  ↳ bin/rails:9
  [1m[35m (1.4ms)[0m  [1m[35mCREATE TABLE "ar_internal_metadata" ("key" varchar NOT NULL PRIMARY KEY, "value" varchar, "created_at" datetime NOT NULL, "updated_at" datetime NOT NULL)[0m
  ↳ bin/rails:9
  [1m[35m (0.3ms)[0m  [1m[34mSELECT "schema_migrations"."version" FROM "schema_migrations" ORDER BY "schema_migrations"."version" ASC[0m
  ↳ bin/rails:9
Migrating to CreateMutants (20180603014030)
  [1m[35m (0.1ms)[0m  [1m[36mbegin transaction[0m
  ↳ bin/rails:9
  [1m[35m (0.6ms)[0m  [1m[35mCREATE TABLE "mutants" ("id" integer PRIMARY KEY AUTOINCREMENT NOT NULL, "name" varchar, "power" varchar, "created_at" datetime NOT NULL, "updated_at" datetime NOT NULL)[0m
  ↳ db/migrate/20180603014030_create_mutants.rb:3
  [1m[36mActiveRecord::SchemaMigration Create (0.2ms)[0m  [1m[32mINSERT INTO "schema_migrations" ("version") VALUES (?)[0m  [["version", "20180603014030"]]
  ↳ bin/rails:9
  [1m[35m (1.5ms)[0m  [1m[36mcommit transaction[0m
  ↳ bin/rails:9
  [1m[36mActiveRecord::InternalMetadata Load (0.3ms)[0m  [1m[34mSELECT  "ar_internal_metadata".* FROM "ar_internal_metadata" WHERE "ar_internal_metadata"."key" = ? LIMIT ?[0m  [["key", "environment"], ["LIMIT", 1]]
  ↳ bin/rails:9
  [1m[35m (0.1ms)[0m  [1m[36mbegin transaction[0m
  ↳ bin/rails:9
  [1m[36mActiveRecord::InternalMetadata Create (0.3ms)[0m  [1m[32mINSERT INTO "ar_internal_metadata" ("key", "value", "created_at", "updated_at") VALUES (?, ?, ?, ?)[0m  [["key", "environment"], ["value", "development"], ["created_at", "2018-06-03 02:16:00.313738"], ["updated_at", "2018-06-03 02:16:00.313738"]]
  ↳ bin/rails:9
  [1m[35m (1.3ms)[0m  [1m[36mcommit transaction[0m
  ↳ bin/rails:9
  [1m[35m (0.1ms)[0m  [1m[34mSELECT "schema_migrations"."version" FROM "schema_migrations" ORDER BY "schema_migrations"."version" ASC[0m
  ↳ bin/rails:9
  [1m[35m (0.1ms)[0m  [1m[34mSELECT "schema_migrations"."version" FROM "schema_migrations" ORDER BY "schema_migrations"."version" ASC[0m
  ↳ bin/rails:9
Started GET "/mutant" for 127.0.0.1 at 2018-06-02 21:16:28 -0500
  [1m[35m (0.1ms)[0m  [1m[34mSELECT "schema_migrations"."version" FROM "schema_migrations" ORDER BY "schema_migrations"."version" ASC[0m
  ↳ /Users/sgregory/.rvm/gems/ruby-2.5.1/gems/activerecord-5.2.0/lib/active_record/log_subscriber.rb:98
  
ActionController::RoutingError (No route matches [GET] "/mutant"):
  
actionpack (5.2.0) lib/action_dispatch/middleware/debug_exceptions.rb:65:in `call'
actionpack (5.2.0) lib/action_dispatch/middleware/show_exceptions.rb:33:in `call'
railties (5.2.0) lib/rails/rack/logger.rb:38:in `call_app'
railties (5.2.0) lib/rails/rack/logger.rb:26:in `block in call'
activesupport (5.2.0) lib/active_support/tagged_logging.rb:71:in `block in tagged'
activesupport (5.2.0) lib/active_support/tagged_logging.rb:28:in `tagged'
activesupport (5.2.0) lib/active_support/tagged_logging.rb:71:in `tagged'
railties (5.2.0) lib/rails/rack/logger.rb:26:in `call'
actionpack (5.2.0) lib/action_dispatch/middleware/remote_ip.rb:81:in `call'
actionpack (5.2.0) lib/action_dispatch/middleware/request_id.rb:27:in `call'
rack (2.0.5) lib/rack/runtime.rb:22:in `call'
activesupport (5.2.0) lib/active_support/cache/strategy/local_cache_middleware.rb:29:in `call'
actionpack (5.2.0) lib/action_dispatch/middleware/executor.rb:14:in `call'
actionpack (5.2.0) lib/action_dispatch/middleware/static.rb:127:in `call'
rack (2.0.5) lib/rack/sendfile.rb:111:in `call'
railties (5.2.0) lib/rails/engine.rb:524:in `call'
puma (3.11.4) lib/puma/configuration.rb:225:in `call'
puma (3.11.4) lib/puma/server.rb:632:in `handle_request'
puma (3.11.4) lib/puma/server.rb:446:in `process_client'
puma (3.11.4) lib/puma/server.rb:306:in `block in run'
puma (3.11.4) lib/puma/thread_pool.rb:120:in `block in spawn_thread'
Started GET "/mutants" for 127.0.0.1 at 2018-06-02 21:16:30 -0500
Processing by MutantsController#index as HTML
  [1m[36mMutant Load (0.2ms)[0m  [1m[34mSELECT "mutants".* FROM "mutants"[0m
  ↳ app/controllers/mutants_controller.rb:8
Completed 200 OK in 7ms (Views: 2.8ms | ActiveRecord: 0.5ms)


Started GET "/mutants" for 127.0.0.1 at 2018-06-02 21:16:32 -0500
Processing by MutantsController#index as HTML
  [1m[36mMutant Load (0.2ms)[0m  [1m[34mSELECT "mutants".* FROM "mutants"[0m
  ↳ app/controllers/mutants_controller.rb:8
Completed 200 OK in 1ms (Views: 0.5ms | ActiveRecord: 0.2ms)


Started GET "/mutants" for 127.0.0.1 at 2018-06-02 21:16:34 -0500
Processing by MutantsController#index as HTML
  [1m[36mMutant Load (0.2ms)[0m  [1m[34mSELECT "mutants".* FROM "mutants"[0m
  ↳ app/controllers/mutants_controller.rb:8
Completed 200 OK in 1ms (Views: 0.6ms | ActiveRecord: 0.2ms)


Started GET "/mutants" for 127.0.0.1 at 2018-06-02 21:16:35 -0500
Processing by MutantsController#index as HTML
  [1m[36mMutant Load (0.2ms)[0m  [1m[34mSELECT "mutants".* FROM "mutants"[0m
  ↳ app/controllers/mutants_controller.rb:8
Completed 200 OK in 1ms (Views: 0.6ms | ActiveRecord: 0.2ms)


Started GET "/mutants" for 127.0.0.1 at 2018-06-02 21:16:36 -0500
Processing by MutantsController#index as HTML
  [1m[36mMutant Load (0.2ms)[0m  [1m[34mSELECT "mutants".* FROM "mutants"[0m
  ↳ app/controllers/mutants_controller.rb:8
Completed 200 OK in 1ms (Views: 0.6ms | ActiveRecord: 0.2ms)


  [1m[35m (0.1ms)[0m  [1m[34mSELECT "schema_migrations"."version" FROM "schema_migrations" ORDER BY "schema_migrations"."version" ASC[0m
  ↳ bin/rails:9
  [1m[36mActiveRecord::InternalMetadata Load (0.1ms)[0m  [1m[34mSELECT  "ar_internal_metadata".* FROM "ar_internal_metadata" WHERE "ar_internal_metadata"."key" = ? LIMIT ?[0m  [["key", "environment"], ["LIMIT", 1]]
  ↳ bin/rails:9
  [1m[35m (0.1ms)[0m  [1m[36mbegin transaction[0m
  ↳ bin/rails:9
  [1m[35m (0.0ms)[0m  [1m[36mcommit transaction[0m
  ↳ bin/rails:9
  [1m[35m (0.1ms)[0m  [1m[34mSELECT "schema_migrations"."version" FROM "schema_migrations" ORDER BY "schema_migrations"."version" ASC[0m
  ↳ bin/rails:9
  [1m[35m (0.1ms)[0m  [1m[34mSELECT "schema_migrations"."version" FROM "schema_migrations" ORDER BY "schema_migrations"."version" ASC[0m
  ↳ bin/rails:9
  [1m[35m (0.0ms)[0m  [1m[36mbegin transaction[0m
  ↳ db/seeds.rb:8
  [1m[36mMutant Create (0.4ms)[0m  [1m[32mINSERT INTO "mutants" ("name", "power", "created_at", "updated_at") VALUES (?, ?, ?, ?)[0m  [["name", "Xavier"], ["power", "Vast telepathic abilities, intellect and offensive psychic attacks"], ["created_at", "2018-06-03 02:17:08.641186"], ["updated_at", "2018-06-03 02:17:08.641186"]]
  ↳ db/seeds.rb:8
  [1m[35m (1.0ms)[0m  [1m[36mcommit transaction[0m
  ↳ db/seeds.rb:8
  [1m[35m (0.0ms)[0m  [1m[36mbegin transaction[0m
  ↳ db/seeds.rb:8
  [1m[36mMutant Create (0.3ms)[0m  [1m[32mINSERT INTO "mutants" ("name", "power", "created_at", "updated_at") VALUES (?, ?, ?, ?)[0m  [["name", "Iceman"], ["power", "Cold and ice manipulation"], ["created_at", "2018-06-03 02:17:08.644180"], ["updated_at", "2018-06-03 02:17:08.644180"]]
  ↳ db/seeds.rb:8
  [1m[35m (0.8ms)[0m  [1m[36mcommit transaction[0m
  ↳ db/seeds.rb:8
  [1m[35m (0.0ms)[0m  [1m[36mbegin transaction[0m
  ↳ db/seeds.rb:8
  [1m[36mMutant Create (0.3ms)[0m  [1m[32mINSERT INTO "mutants" ("name", "power", "created_at", "updated_at") VALUES (?, ?, ?, ?)[0m  [["name", "Cyclops"], ["power", "Optic force blasts and master tactician"], ["created_at", "2018-06-03 02:17:08.646801"], ["updated_at", "2018-06-03 02:17:08.646801"]]
  ↳ db/seeds.rb:8
  [1m[35m (1.0ms)[0m  [1m[36mcommit transaction[0m
  ↳ db/seeds.rb:8
  [1m[35m (0.0ms)[0m  [1m[36mbegin transaction[0m
  ↳ db/seeds.rb:8
  [1m[36mMutant Create (0.4ms)[0m  [1m[32mINSERT INTO "mutants" ("name", "power", "created_at", "updated_at") VALUES (?, ?, ?, ?)[0m  [["name", "Beast"], ["power", "Enhanced strength, agility and intellect"], ["created_at", "2018-06-03 02:17:08.649385"], ["updated_at", "2018-06-03 02:17:08.649385"]]
  ↳ db/seeds.rb:8
  [1m[35m (1.4ms)[0m  [1m[36mcommit transaction[0m
  ↳ db/seeds.rb:8
  [1m[35m (0.0ms)[0m  [1m[36mbegin transaction[0m
  ↳ db/seeds.rb:8
  [1m[36mMutant Create (0.3ms)[0m  [1m[32mINSERT INTO "mutants" ("name", "power", "created_at", "updated_at") VALUES (?, ?, ?, ?)[0m  [["name", "Wolverine"], ["power", "Healing factor, superhuman senses, adamantium skeleton and claws"], ["created_at", "2018-06-03 02:17:08.652782"], ["updated_at", "2018-06-03 02:17:08.652782"]]
  ↳ db/seeds.rb:8
  [1m[35m (0.9ms)[0m  [1m[36mcommit transaction[0m
  ↳ db/seeds.rb:8
  [1m[35m (0.0ms)[0m  [1m[36mbegin transaction[0m
  ↳ db/seeds.rb:8
  [1m[36mMutant Create (0.3ms)[0m  [1m[32mINSERT INTO "mutants" ("name", "power", "created_at", "updated_at") VALUES (?, ?, ?, ?)[0m  [["name", "Storm"], ["power", "Weather manipulation and flight"], ["created_at", "2018-06-03 02:17:08.655289"], ["updated_at", "2018-06-03 02:17:08.655289"]]
  ↳ db/seeds.rb:8
  [1m[35m (0.8ms)[0m  [1m[36mcommit transaction[0m
  ↳ db/seeds.rb:8
  [1m[35m (0.0ms)[0m  [1m[36mbegin transaction[0m
  ↳ db/seeds.rb:8
  [1m[36mMutant Create (0.3ms)[0m  [1m[32mINSERT INTO "mutants" ("name", "power", "created_at", "updated_at") VALUES (?, ?, ?, ?)[0m  [["name", "Colossus"], ["power", "Steel body transformation, superhuman strength, stamina and durability"], ["created_at", "2018-06-03 02:17:08.657621"], ["updated_at", "2018-06-03 02:17:08.657621"]]
  ↳ db/seeds.rb:8
  [1m[35m (1.3ms)[0m  [1m[36mcommit transaction[0m
  ↳ db/seeds.rb:8
  [1m[35m (0.0ms)[0m  [1m[36mbegin transaction[0m
  ↳ db/seeds.rb:8
  [1m[36mMutant Create (0.3ms)[0m  [1m[32mINSERT INTO "mutants" ("name", "power", "created_at", "updated_at") VALUES (?, ?, ?, ?)[0m  [["name", "Nightcrawler"], ["power", "Teleportation, enhanced flexibility and speed"], ["created_at", "2018-06-03 02:17:08.660843"], ["updated_at", "2018-06-03 02:17:08.660843"]]
  ↳ db/seeds.rb:8
  [1m[35m (1.4ms)[0m  [1m[36mcommit transaction[0m
  ↳ db/seeds.rb:8
  [1m[35m (0.0ms)[0m  [1m[36mbegin transaction[0m
  ↳ db/seeds.rb:8
  [1m[36mMutant Create (0.3ms)[0m  [1m[32mINSERT INTO "mutants" ("name", "power", "created_at", "updated_at") VALUES (?, ?, ?, ?)[0m  [["name", "Archangel"], ["power", "Flight and razor sharp feather projection"], ["created_at", "2018-06-03 02:17:08.664104"], ["updated_at", "2018-06-03 02:17:08.664104"]]
  ↳ db/seeds.rb:8
  [1m[35m (1.0ms)[0m  [1m[36mcommit transaction[0m
  ↳ db/seeds.rb:8
  [1m[35m (0.0ms)[0m  [1m[36mbegin transaction[0m
  ↳ db/seeds.rb:8
  [1m[36mMutant Create (0.3ms)[0m  [1m[32mINSERT INTO "mutants" ("name", "power", "created_at", "updated_at") VALUES (?, ?, ?, ?)[0m  [["name", "Gambit"], ["power", "Accelerating regeneration, kinetic energy control and manipulation"], ["created_at", "2018-06-03 02:17:08.666794"], ["updated_at", "2018-06-03 02:17:08.666794"]]
  ↳ db/seeds.rb:8
  [1m[35m (0.9ms)[0m  [1m[36mcommit transaction[0m
  ↳ db/seeds.rb:8
  [1m[35m (0.1ms)[0m  [1m[36mbegin transaction[0m
  ↳ db/seeds.rb:8
  [1m[36mMutant Create (0.3ms)[0m  [1m[32mINSERT INTO "mutants" ("name", "power", "created_at", "updated_at") VALUES (?, ?, ?, ?)[0m  [["name", "Rogue"], ["power", "Absorption of powers, super strength and flight"], ["created_at", "2018-06-03 02:17:08.669579"], ["updated_at", "2018-06-03 02:17:08.669579"]]
  ↳ db/seeds.rb:8
  [1m[35m (1.2ms)[0m  [1m[36mcommit transaction[0m
  ↳ db/seeds.rb:8
  [1m[35m (0.0ms)[0m  [1m[36mbegin transaction[0m
  ↳ db/seeds.rb:8
  [1m[36mMutant Create (0.3ms)[0m  [1m[32mINSERT INTO "mutants" ("name", "power", "created_at", "updated_at") VALUES (?, ?, ?, ?)[0m  [["name", "Bishop"], ["power", "Energy absorption and redirection"], ["created_at", "2018-06-03 02:17:08.672405"], ["updated_at", "2018-06-03 02:17:08.672405"]]
  ↳ db/seeds.rb:8
  [1m[35m (0.7ms)[0m  [1m[36mcommit transaction[0m
  ↳ db/seeds.rb:8
  [1m[35m (0.0ms)[0m  [1m[36mbegin transaction[0m
  ↳ db/seeds.rb:8
  [1m[36mMutant Create (0.3ms)[0m  [1m[32mINSERT INTO "mutants" ("name", "power", "created_at", "updated_at") VALUES (?, ?, ?, ?)[0m  [["name", "Jubilee"], ["power", "Pyrotechnic energy plasmoid generation"], ["created_at", "2018-06-03 02:17:08.674506"], ["updated_at", "2018-06-03 02:17:08.674506"]]
  ↳ db/seeds.rb:8
  [1m[35m (1.1ms)[0m  [1m[36mcommit transaction[0m
  ↳ db/seeds.rb:8
  [1m[35m (0.0ms)[0m  [1m[36mbegin transaction[0m
  ↳ db/seeds.rb:8
  [1m[36mMutant Create (0.3ms)[0m  [1m[32mINSERT INTO "mutants" ("name", "power", "created_at", "updated_at") VALUES (?, ?, ?, ?)[0m  [["name", "Psylocke"], ["power", "Telekinesis, telekinetic katana, telepathy and precognition"], ["created_at", "2018-06-03 02:17:08.677113"], ["updated_at", "2018-06-03 02:17:08.677113"]]
  ↳ db/seeds.rb:8
  [1m[35m (1.2ms)[0m  [1m[36mcommit transaction[0m
  ↳ db/seeds.rb:8
Started GET "/mutants" for 127.0.0.1 at 2018-06-02 21:17:14 -0500
  [1m[35m (0.1ms)[0m  [1m[34mSELECT "schema_migrations"."version" FROM "schema_migrations" ORDER BY "schema_migrations"."version" ASC[0m
  ↳ /Users/sgregory/.rvm/gems/ruby-2.5.1/gems/activerecord-5.2.0/lib/active_record/log_subscriber.rb:98
Processing by MutantsController#index as HTML
  [1m[36mMutant Load (0.2ms)[0m  [1m[34mSELECT "mutants".* FROM "mutants"[0m
  ↳ app/controllers/mutants_controller.rb:8
Completed 200 OK in 9ms (Views: 7.3ms | ActiveRecord: 0.8ms)


  [1m[36mActiveRecord::InternalMetadata Load (0.3ms)[0m  [1m[34mSELECT  "ar_internal_metadata".* FROM "ar_internal_metadata" WHERE "ar_internal_metadata"."key" = ? LIMIT ?[0m  [["key", "environment"], ["LIMIT", 1]]
  ↳ bin/rails:9
  [1m[35m (0.1ms)[0m  [1m[36mbegin transaction[0m
  ↳ bin/rails:9
  [1m[35m (0.0ms)[0m  [1m[36mcommit transaction[0m
  ↳ bin/rails:9
  [1m[35m (0.1ms)[0m  [1m[34mSELECT "schema_migrations"."version" FROM "schema_migrations" ORDER BY "schema_migrations"."version" ASC[0m
  ↳ bin/rails:9
  [1m[35m (0.1ms)[0m  [1m[34mSELECT "schema_migrations"."version" FROM "schema_migrations" ORDER BY "schema_migrations"."version" ASC[0m
  ↳ bin/rails:9
  [1m[35m (0.0ms)[0m  [1m[36mbegin transaction[0m
  ↳ db/seeds.rb:8
  [1m[36mMutant Create (0.4ms)[0m  [1m[32mINSERT INTO "mutants" ("name", "power", "created_at", "updated_at") VALUES (?, ?, ?, ?)[0m  [["name", "Xavier"], ["power", "Vast telepathic abilities, intellect and offensive psychic attacks"], ["created_at", "2018-06-03 13:46:19.651544"], ["updated_at", "2018-06-03 13:46:19.651544"]]
  ↳ db/seeds.rb:8
  [1m[35m (1.4ms)[0m  [1m[36mcommit transaction[0m
  ↳ db/seeds.rb:8
  [1m[35m (0.1ms)[0m  [1m[36mbegin transaction[0m
  ↳ db/seeds.rb:8
  [1m[36mMutant Create (0.4ms)[0m  [1m[32mINSERT INTO "mutants" ("name", "power", "created_at", "updated_at") VALUES (?, ?, ?, ?)[0m  [["name", "Iceman"], ["power", "Cold and ice manipulation"], ["created_at", "2018-06-03 13:46:19.655462"], ["updated_at", "2018-06-03 13:46:19.655462"]]
  ↳ db/seeds.rb:8
  [1m[35m (0.9ms)[0m  [1m[36mcommit transaction[0m
  ↳ db/seeds.rb:8
  [1m[35m (0.1ms)[0m  [1m[36mbegin transaction[0m
  ↳ db/seeds.rb:8
  [1m[36mMutant Create (0.3ms)[0m  [1m[32mINSERT INTO "mutants" ("name", "power", "created_at", "updated_at") VALUES (?, ?, ?, ?)[0m  [["name", "Cyclops"], ["power", "Optic force blasts and master tactician"], ["created_at", "2018-06-03 13:46:19.658382"], ["updated_at", "2018-06-03 13:46:19.658382"]]
  ↳ db/seeds.rb:8
  [1m[35m (1.0ms)[0m  [1m[36mcommit transaction[0m
  ↳ db/seeds.rb:8
  [1m[35m (0.0ms)[0m  [1m[36mbegin transaction[0m
  ↳ db/seeds.rb:8
  [1m[36mMutant Create (0.3ms)[0m  [1m[32mINSERT INTO "mutants" ("name", "power", "created_at", "updated_at") VALUES (?, ?, ?, ?)[0m  [["name", "Beast"], ["power", "Enhanced strength, agility and intellect"], ["created_at", "2018-06-03 13:46:19.660991"], ["updated_at", "2018-06-03 13:46:19.660991"]]
  ↳ db/seeds.rb:8
  [1m[35m (0.9ms)[0m  [1m[36mcommit transaction[0m
  ↳ db/seeds.rb:8
  [1m[35m (0.0ms)[0m  [1m[36mbegin transaction[0m
  ↳ db/seeds.rb:8
  [1m[36mMutant Create (0.3ms)[0m  [1m[32mINSERT INTO "mutants" ("name", "power", "created_at", "updated_at") VALUES (?, ?, ?, ?)[0m  [["name", "Wolverine"], ["power", "Healing factor, superhuman senses, adamantium skeleton and claws"], ["created_at", "2018-06-03 13:46:19.663357"], ["updated_at", "2018-06-03 13:46:19.663357"]]
  ↳ db/seeds.rb:8
  [1m[35m (1.1ms)[0m  [1m[36mcommit transaction[0m
  ↳ db/seeds.rb:8
  [1m[35m (0.0ms)[0m  [1m[36mbegin transaction[0m
  ↳ db/seeds.rb:8
  [1m[36mMutant Create (0.3ms)[0m  [1m[32mINSERT INTO "mutants" ("name", "power", "created_at", "updated_at") VALUES (?, ?, ?, ?)[0m  [["name", "Storm"], ["power", "Weather manipulation and flight"], ["created_at", "2018-06-03 13:46:19.665974"], ["updated_at", "2018-06-03 13:46:19.665974"]]
  ↳ db/seeds.rb:8
  [1m[35m (0.8ms)[0m  [1m[36mcommit transaction[0m
  ↳ db/seeds.rb:8
  [1m[35m (0.1ms)[0m  [1m[36mbegin transaction[0m
  ↳ db/seeds.rb:8
  [1m[36mMutant Create (0.3ms)[0m  [1m[32mINSERT INTO "mutants" ("name", "power", "created_at", "updated_at") VALUES (?, ?, ?, ?)[0m  [["name", "Colossus"], ["power", "Steel body transformation, superhuman strength, stamina and durability"], ["created_at", "2018-06-03 13:46:19.668479"], ["updated_at", "2018-06-03 13:46:19.668479"]]
  ↳ db/seeds.rb:8
  [1m[35m (1.4ms)[0m  [1m[36mcommit transaction[0m
  ↳ db/seeds.rb:8
  [1m[35m (0.1ms)[0m  [1m[36mbegin transaction[0m
  ↳ db/seeds.rb:8
  [1m[36mMutant Create (0.3ms)[0m  [1m[32mINSERT INTO "mutants" ("name", "power", "created_at", "updated_at") VALUES (?, ?, ?, ?)[0m  [["name", "Nightcrawler"], ["power", "Teleportation, enhanced flexibility and speed"], ["created_at", "2018-06-03 13:46:19.671586"], ["updated_at", "2018-06-03 13:46:19.671586"]]
  ↳ db/seeds.rb:8
  [1m[35m (1.1ms)[0m  [1m[36mcommit transaction[0m
  ↳ db/seeds.rb:8
  [1m[35m (0.0ms)[0m  [1m[36mbegin transaction[0m
  ↳ db/seeds.rb:8
  [1m[36mMutant Create (0.3ms)[0m  [1m[32mINSERT INTO "mutants" ("name", "power", "created_at", "updated_at") VALUES (?, ?, ?, ?)[0m  [["name", "Archangel"], ["power", "Flight and razor sharp feather projection"], ["created_at", "2018-06-03 13:46:19.674553"], ["updated_at", "2018-06-03 13:46:19.674553"]]
  ↳ db/seeds.rb:8
  [1m[35m (1.0ms)[0m  [1m[36mcommit transaction[0m
  ↳ db/seeds.rb:8
  [1m[35m (0.0ms)[0m  [1m[36mbegin transaction[0m
  ↳ db/seeds.rb:8
  [1m[36mMutant Create (0.3ms)[0m  [1m[32mINSERT INTO "mutants" ("name", "power", "created_at", "updated_at") VALUES (?, ?, ?, ?)[0m  [["name", "Gambit"], ["power", "Accelerating regeneration, kinetic energy control and manipulation"], ["created_at", "2018-06-03 13:46:19.676984"], ["updated_at", "2018-06-03 13:46:19.676984"]]
  ↳ db/seeds.rb:8
  [1m[35m (0.8ms)[0m  [1m[36mcommit transaction[0m
  ↳ db/seeds.rb:8
  [1m[35m (0.0ms)[0m  [1m[36mbegin transaction[0m
  ↳ db/seeds.rb:8
  [1m[36mMutant Create (0.3ms)[0m  [1m[32mINSERT INTO "mutants" ("name", "power", "created_at", "updated_at") VALUES (?, ?, ?, ?)[0m  [["name", "Rogue"], ["power", "Absorption of powers, super strength and flight"], ["created_at", "2018-06-03 13:46:19.679490"], ["updated_at", "2018-06-03 13:46:19.679490"]]
  ↳ db/seeds.rb:8
  [1m[35m (1.2ms)[0m  [1m[36mcommit transaction[0m
  ↳ db/seeds.rb:8
  [1m[35m (0.0ms)[0m  [1m[36mbegin transaction[0m
  ↳ db/seeds.rb:8
  [1m[36mMutant Create (0.3ms)[0m  [1m[32mINSERT INTO "mutants" ("name", "power", "created_at", "updated_at") VALUES (?, ?, ?, ?)[0m  [["name", "Bishop"], ["power", "Energy absorption and redirection"], ["created_at", "2018-06-03 13:46:19.682399"], ["updated_at", "2018-06-03 13:46:19.682399"]]
  ↳ db/seeds.rb:8
  [1m[35m (1.2ms)[0m  [1m[36mcommit transaction[0m
  ↳ db/seeds.rb:8
  [1m[35m (0.0ms)[0m  [1m[36mbegin transaction[0m
  ↳ db/seeds.rb:8
  [1m[36mMutant Create (0.3ms)[0m  [1m[32mINSERT INTO "mutants" ("name", "power", "created_at", "updated_at") VALUES (?, ?, ?, ?)[0m  [["name", "Jubilee"], ["power", "Pyrotechnic energy plasmoid generation"], ["created_at", "2018-06-03 13:46:19.685096"], ["updated_at", "2018-06-03 13:46:19.685096"]]
  ↳ db/seeds.rb:8
  [1m[35m (0.7ms)[0m  [1m[36mcommit transaction[0m
  ↳ db/seeds.rb:8
  [1m[35m (0.0ms)[0m  [1m[36mbegin transaction[0m
  ↳ db/seeds.rb:8
  [1m[36mMutant Create (0.3ms)[0m  [1m[32mINSERT INTO "mutants" ("name", "power", "created_at", "updated_at") VALUES (?, ?, ?, ?)[0m  [["name", "Psylocke"], ["power", "Telekinesis, telekinetic katana, telepathy and precognition"], ["created_at", "2018-06-03 13:46:19.687187"], ["updated_at", "2018-06-03 13:46:19.687187"]]
  ↳ db/seeds.rb:8
  [1m[35m (1.2ms)[0m  [1m[36mcommit transaction[0m
  ↳ db/seeds.rb:8
Started GET "/mutants" for 127.0.0.1 at 2018-06-03 08:46:44 -0500
Processing by MutantsController#index as HTML
  [1m[36mMutant Load (1.7ms)[0m  [1m[34mSELECT "mutants".* FROM "mutants"[0m
  ↳ app/controllers/mutants_controller.rb:8
Completed 200 OK in 77ms (Views: 12.4ms | ActiveRecord: 2.6ms)


Started GET "/mutants" for 127.0.0.1 at 2018-06-03 08:47:05 -0500
Processing by MutantsController#index as HTML
  [1m[36mMutant Load (0.6ms)[0m  [1m[34mSELECT "mutants".* FROM "mutants"[0m
  ↳ app/controllers/mutants_controller.rb:8
Completed 200 OK in 6ms (Views: 5.1ms | ActiveRecord: 0.6ms)


Started GET "/mutants" for 127.0.0.1 at 2018-06-03 08:47:20 -0500
Processing by MutantsController#index as HTML
  [1m[36mMutant Load (0.2ms)[0m  [1m[34mSELECT "mutants".* FROM "mutants"[0m
  ↳ app/controllers/mutants_controller.rb:8
Completed 200 OK in 5ms (Views: 4.2ms | ActiveRecord: 0.2ms)


Started GET "/mutants" for 127.0.0.1 at 2018-06-03 08:48:08 -0500
Processing by MutantsController#index as HTML
  [1m[36mMutant Load (0.3ms)[0m  [1m[34mSELECT "mutants".* FROM "mutants"[0m
  ↳ app/controllers/mutants_controller.rb:8
Completed 200 OK in 5ms (Views: 4.6ms | ActiveRecord: 0.3ms)


Started GET "/mutants" for 127.0.0.1 at 2018-06-03 08:48:17 -0500
Processing by MutantsController#index as HTML
  [1m[36mMutant Load (0.4ms)[0m  [1m[34mSELECT "mutants".* FROM "mutants"[0m
  ↳ app/controllers/mutants_controller.rb:8
Completed 200 OK in 7ms (Views: 6.4ms | ActiveRecord: 0.4ms)


Started GET "/mutants" for 127.0.0.1 at 2018-06-03 08:48:31 -0500
Processing by MutantsController#index as HTML
  [1m[36mMutant Load (0.3ms)[0m  [1m[34mSELECT "mutants".* FROM "mutants"[0m
  ↳ app/controllers/mutants_controller.rb:8
Completed 200 OK in 7ms (Views: 6.1ms | ActiveRecord: 0.3ms)


Started GET "/mutants" for 127.0.0.1 at 2018-06-03 08:49:37 -0500
Processing by MutantsController#index as HTML
  [1m[36mMutant Load (2.1ms)[0m  [1m[34mSELECT "mutants".* FROM "mutants"[0m
  ↳ app/controllers/mutants_controller.rb:8
Completed 200 OK in 88ms (Views: 16.2ms | ActiveRecord: 3.0ms)


Started GET "/mutants" for 127.0.0.1 at 2018-06-03 08:49:40 -0500
Processing by MutantsController#index as HTML
  [1m[36mMutant Load (0.4ms)[0m  [1m[34mSELECT "mutants".* FROM "mutants"[0m
  ↳ app/controllers/mutants_controller.rb:8
Completed 200 OK in 9ms (Views: 7.8ms | ActiveRecord: 0.4ms)


Started GET "/mutants" for 127.0.0.1 at 2018-06-03 08:49:41 -0500
Processing by MutantsController#index as HTML
  [1m[36mMutant Load (0.3ms)[0m  [1m[34mSELECT "mutants".* FROM "mutants"[0m
  ↳ app/controllers/mutants_controller.rb:8
Completed 200 OK in 8ms (Views: 7.7ms | ActiveRecord: 0.3ms)


Started GET "/mutants" for 127.0.0.1 at 2018-06-03 08:49:43 -0500
Processing by MutantsController#index as HTML
  [1m[36mMutant Load (0.3ms)[0m  [1m[34mSELECT "mutants".* FROM "mutants"[0m
  ↳ app/controllers/mutants_controller.rb:8
Completed 200 OK in 7ms (Views: 6.6ms | ActiveRecord: 0.3ms)


Started GET "/mutants" for 127.0.0.1 at 2018-06-03 08:49:48 -0500
Processing by MutantsController#index as HTML
  [1m[36mMutant Load (0.3ms)[0m  [1m[34mSELECT "mutants".* FROM "mutants"[0m
  ↳ app/controllers/mutants_controller.rb:8
Completed 200 OK in 9ms (Views: 8.2ms | ActiveRecord: 0.3ms)


Started GET "/mutants" for 127.0.0.1 at 2018-06-03 08:49:49 -0500
Processing by MutantsController#index as HTML
  [1m[36mMutant Load (0.3ms)[0m  [1m[34mSELECT "mutants".* FROM "mutants"[0m
  ↳ app/controllers/mutants_controller.rb:8
Completed 200 OK in 7ms (Views: 6.1ms | ActiveRecord: 0.3ms)


Started GET "/mutants" for 127.0.0.1 at 2018-06-03 08:49:50 -0500
Processing by MutantsController#index as HTML
  [1m[36mMutant Load (0.4ms)[0m  [1m[34mSELECT "mutants".* FROM "mutants"[0m
  ↳ app/controllers/mutants_controller.rb:8
Completed 200 OK in 7ms (Views: 6.6ms | ActiveRecord: 0.4ms)


Started GET "/mutants" for 127.0.0.1 at 2018-06-03 08:52:35 -0500
Processing by MutantsController#index as HTML
  [1m[36mMutant Load (0.4ms)[0m  [1m[34mSELECT "mutants".* FROM "mutants"[0m
  ↳ app/controllers/mutants_controller.rb:8
Completed 200 OK in 7ms (Views: 6.1ms | ActiveRecord: 0.4ms)


  [1m[36mActiveRecord::InternalMetadata Load (1.5ms)[0m  [1m[34mSELECT  "ar_internal_metadata".* FROM "ar_internal_metadata" WHERE "ar_internal_metadata"."key" = ? LIMIT ?[0m  [["key", "environment"], ["LIMIT", 1]]
  ↳ bin/rails:9
  [1m[35m (0.1ms)[0m  [1m[36mbegin transaction[0m
  ↳ bin/rails:9
  [1m[35m (0.1ms)[0m  [1m[36mcommit transaction[0m
  ↳ bin/rails:9
  [1m[35m (0.4ms)[0m  [1m[34mSELECT "schema_migrations"."version" FROM "schema_migrations" ORDER BY "schema_migrations"."version" ASC[0m
  ↳ bin/rails:9
  [1m[35m (0.1ms)[0m  [1m[34mSELECT "schema_migrations"."version" FROM "schema_migrations" ORDER BY "schema_migrations"."version" ASC[0m
  ↳ bin/rails:9
  [1m[35m (0.0ms)[0m  [1m[36mbegin transaction[0m
  ↳ db/seeds.rb:8
  [1m[36mMutant Create (0.4ms)[0m  [1m[32mINSERT INTO "mutants" ("name", "power", "created_at", "updated_at") VALUES (?, ?, ?, ?)[0m  [["name", "Xavier"], ["power", "Vast telepathic abilities, intellect and offensive psychic attacks"], ["created_at", "2018-06-03 13:54:28.027559"], ["updated_at", "2018-06-03 13:54:28.027559"]]
  ↳ db/seeds.rb:8
  [1m[35m (1.3ms)[0m  [1m[36mcommit transaction[0m
  ↳ db/seeds.rb:8
  [1m[35m (0.0ms)[0m  [1m[36mbegin transaction[0m
  ↳ db/seeds.rb:8
  [1m[36mMutant Create (0.3ms)[0m  [1m[32mINSERT INTO "mutants" ("name", "power", "created_at", "updated_at") VALUES (?, ?, ?, ?)[0m  [["name", "Iceman"], ["power", "Cold and ice manipulation"], ["created_at", "2018-06-03 13:54:28.031040"], ["updated_at", "2018-06-03 13:54:28.031040"]]
  ↳ db/seeds.rb:8
  [1m[35m (1.0ms)[0m  [1m[36mcommit transaction[0m
  ↳ db/seeds.rb:8
  [1m[35m (0.0ms)[0m  [1m[36mbegin transaction[0m
  ↳ db/seeds.rb:8
  [1m[36mMutant Create (0.3ms)[0m  [1m[32mINSERT INTO "mutants" ("name", "power", "created_at", "updated_at") VALUES (?, ?, ?, ?)[0m  [["name", "Cyclops"], ["power", "Optic force blasts and master tactician"], ["created_at", "2018-06-03 13:54:28.033691"], ["updated_at", "2018-06-03 13:54:28.033691"]]
  ↳ db/seeds.rb:8
  [1m[35m (1.3ms)[0m  [1m[36mcommit transaction[0m
  ↳ db/seeds.rb:8
  [1m[35m (0.0ms)[0m  [1m[36mbegin transaction[0m
  ↳ db/seeds.rb:8
  [1m[36mMutant Create (0.3ms)[0m  [1m[32mINSERT INTO "mutants" ("name", "power", "created_at", "updated_at") VALUES (?, ?, ?, ?)[0m  [["name", "Beast"], ["power", "Enhanced strength, agility and intellect"], ["created_at", "2018-06-03 13:54:28.036767"], ["updated_at", "2018-06-03 13:54:28.036767"]]
  ↳ db/seeds.rb:8
  [1m[35m (1.2ms)[0m  [1m[36mcommit transaction[0m
  ↳ db/seeds.rb:8
  [1m[35m (0.1ms)[0m  [1m[36mbegin transaction[0m
  ↳ db/seeds.rb:8
  [1m[36mMutant Create (0.3ms)[0m  [1m[32mINSERT INTO "mutants" ("name", "power", "created_at", "updated_at") VALUES (?, ?, ?, ?)[0m  [["name", "Wolverine"], ["power", "Healing factor, superhuman senses, adamantium skeleton and claws"], ["created_at", "2018-06-03 13:54:28.040212"], ["updated_at", "2018-06-03 13:54:28.040212"]]
  ↳ db/seeds.rb:8
  [1m[35m (1.2ms)[0m  [1m[36mcommit transaction[0m
  ↳ db/seeds.rb:8
  [1m[35m (0.0ms)[0m  [1m[36mbegin transaction[0m
  ↳ db/seeds.rb:8
  [1m[36mMutant Create (0.3ms)[0m  [1m[32mINSERT INTO "mutants" ("name", "power", "created_at", "updated_at") VALUES (?, ?, ?, ?)[0m  [["name", "Storm"], ["power", "Weather manipulation and flight"], ["created_at", "2018-06-03 13:54:28.043375"], ["updated_at", "2018-06-03 13:54:28.043375"]]
  ↳ db/seeds.rb:8
  [1m[35m (0.9ms)[0m  [1m[36mcommit transaction[0m
  ↳ db/seeds.rb:8
  [1m[35m (0.0ms)[0m  [1m[36mbegin transaction[0m
  ↳ db/seeds.rb:8
  [1m[36mMutant Create (0.3ms)[0m  [1m[32mINSERT INTO "mutants" ("name", "power", "created_at", "updated_at") VALUES (?, ?, ?, ?)[0m  [["name", "Colossus"], ["power", "Steel body transformation, superhuman strength, stamina and durability"], ["created_at", "2018-06-03 13:54:28.045964"], ["updated_at", "2018-06-03 13:54:28.045964"]]
  ↳ db/seeds.rb:8
  [1m[35m (1.3ms)[0m  [1m[36mcommit transaction[0m
  ↳ db/seeds.rb:8
  [1m[35m (0.0ms)[0m  [1m[36mbegin transaction[0m
  ↳ db/seeds.rb:8
  [1m[36mMutant Create (0.3ms)[0m  [1m[32mINSERT INTO "mutants" ("name", "power", "created_at", "updated_at") VALUES (?, ?, ?, ?)[0m  [["name", "Nightcrawler"], ["power", "Teleportation, enhanced flexibility and speed"], ["created_at", "2018-06-03 13:54:28.048980"], ["updated_at", "2018-06-03 13:54:28.048980"]]
  ↳ db/seeds.rb:8
  [1m[35m (0.8ms)[0m  [1m[36mcommit transaction[0m
  ↳ db/seeds.rb:8
  [1m[35m (0.0ms)[0m  [1m[36mbegin transaction[0m
  ↳ db/seeds.rb:8
  [1m[36mMutant Create (0.3ms)[0m  [1m[32mINSERT INTO "mutants" ("name", "power", "created_at", "updated_at") VALUES (?, ?, ?, ?)[0m  [["name", "Archangel"], ["power", "Flight and razor sharp feather projection"], ["created_at", "2018-06-03 13:54:28.051610"], ["updated_at", "2018-06-03 13:54:28.051610"]]
  ↳ db/seeds.rb:8
  [1m[35m (1.3ms)[0m  [1m[36mcommit transaction[0m
  ↳ db/seeds.rb:8
  [1m[35m (0.0ms)[0m  [1m[36mbegin transaction[0m
  ↳ db/seeds.rb:8
  [1m[36mMutant Create (0.3ms)[0m  [1m[32mINSERT INTO "mutants" ("name", "power", "created_at", "updated_at") VALUES (?, ?, ?, ?)[0m  [["name", "Gambit"], ["power", "Accelerating regeneration, kinetic energy control and manipulation"], ["created_at", "2018-06-03 13:54:28.054730"], ["updated_at", "2018-06-03 13:54:28.054730"]]
  ↳ db/seeds.rb:8
  [1m[35m (1.1ms)[0m  [1m[36mcommit transaction[0m
  ↳ db/seeds.rb:8
  [1m[35m (0.0ms)[0m  [1m[36mbegin transaction[0m
  ↳ db/seeds.rb:8
  [1m[36mMutant Create (0.3ms)[0m  [1m[32mINSERT INTO "mutants" ("name", "power", "created_at", "updated_at") VALUES (?, ?, ?, ?)[0m  [["name", "Rogue"], ["power", "Absorption of powers, super strength and flight"], ["created_at", "2018-06-03 13:54:28.057429"], ["updated_at", "2018-06-03 13:54:28.057429"]]
  ↳ db/seeds.rb:8
  [1m[35m (0.7ms)[0m  [1m[36mcommit transaction[0m
  ↳ db/seeds.rb:8
  [1m[35m (0.0ms)[0m  [1m[36mbegin transaction[0m
  ↳ db/seeds.rb:8
  [1m[36mMutant Create (0.3ms)[0m  [1m[32mINSERT INTO "mutants" ("name", "power", "created_at", "updated_at") VALUES (?, ?, ?, ?)[0m  [["name", "Bishop"], ["power", "Energy absorption and redirection"], ["created_at", "2018-06-03 13:54:28.059585"], ["updated_at", "2018-06-03 13:54:28.059585"]]
  ↳ db/seeds.rb:8
  [1m[35m (1.1ms)[0m  [1m[36mcommit transaction[0m
  ↳ db/seeds.rb:8
  [1m[35m (0.0ms)[0m  [1m[36mbegin transaction[0m
  ↳ db/seeds.rb:8
  [1m[36mMutant Create (0.4ms)[0m  [1m[32mINSERT INTO "mutants" ("name", "power", "created_at", "updated_at") VALUES (?, ?, ?, ?)[0m  [["name", "Jubilee"], ["power", "Pyrotechnic energy plasmoid generation"], ["created_at", "2018-06-03 13:54:28.062474"], ["updated_at", "2018-06-03 13:54:28.062474"]]
  ↳ db/seeds.rb:8
  [1m[35m (1.3ms)[0m  [1m[36mcommit transaction[0m
  ↳ db/seeds.rb:8
  [1m[35m (0.0ms)[0m  [1m[36mbegin transaction[0m
  ↳ db/seeds.rb:8
  [1m[36mMutant Create (0.3ms)[0m  [1m[32mINSERT INTO "mutants" ("name", "power", "created_at", "updated_at") VALUES (?, ?, ?, ?)[0m  [["name", "Psylocke"], ["power", "Telekinesis, telekinetic katana, telepathy and precognition"], ["created_at", "2018-06-03 13:54:28.065692"], ["updated_at", "2018-06-03 13:54:28.065692"]]
  ↳ db/seeds.rb:8
  [1m[35m (0.8ms)[0m  [1m[36mcommit transaction[0m
  ↳ db/seeds.rb:8
Started GET "/mutants" for 127.0.0.1 at 2018-06-03 08:54:47 -0500
Processing by MutantsController#index as HTML
  [1m[36mMutant Load (2.9ms)[0m  [1m[34mSELECT "mutants".* FROM "mutants"[0m
  ↳ app/controllers/mutants_controller.rb:8
Completed 200 OK in 70ms (Views: 13.1ms | ActiveRecord: 3.6ms)


Started GET "/mutants" for 127.0.0.1 at 2018-06-03 08:54:47 -0500
Processing by MutantsController#index as HTML
  [1m[36mMutant Load (0.5ms)[0m  [1m[34mSELECT "mutants".* FROM "mutants"[0m
  ↳ app/controllers/mutants_controller.rb:8
Completed 200 OK in 8ms (Views: 7.0ms | ActiveRecord: 0.5ms)


Started GET "/mutants" for 127.0.0.1 at 2018-06-03 09:01:39 -0500
Processing by MutantsController#index as HTML
  [1m[36mMutant Load (2.9ms)[0m  [1m[34mSELECT "mutants".* FROM "mutants"[0m
  ↳ app/controllers/mutants_controller.rb:8
Completed 200 OK in 110ms (Views: 20.1ms | ActiveRecord: 3.9ms)


Started GET "/mutants" for 127.0.0.1 at 2018-06-03 09:01:42 -0500
Processing by MutantsController#index as HTML
  [1m[36mMutant Load (0.5ms)[0m  [1m[34mSELECT "mutants".* FROM "mutants"[0m
  ↳ app/controllers/mutants_controller.rb:8
Completed 200 OK in 12ms (Views: 10.7ms | ActiveRecord: 0.5ms)


Started GET "/mutants" for 127.0.0.1 at 2018-06-03 09:01:44 -0500
Processing by MutantsController#index as HTML
  [1m[36mMutant Load (0.4ms)[0m  [1m[34mSELECT "mutants".* FROM "mutants"[0m
  ↳ app/controllers/mutants_controller.rb:8
Completed 200 OK in 12ms (Views: 11.3ms | ActiveRecord: 0.4ms)


Started GET "/mutants" for 127.0.0.1 at 2018-06-03 09:01:45 -0500
Processing by MutantsController#index as HTML
  [1m[36mMutant Load (0.4ms)[0m  [1m[34mSELECT "mutants".* FROM "mutants"[0m
  ↳ app/controllers/mutants_controller.rb:8
Completed 200 OK in 16ms (Views: 15.6ms | ActiveRecord: 0.4ms)


Started GET "/mutants" for 127.0.0.1 at 2018-06-03 09:01:46 -0500
Processing by MutantsController#index as HTML
  [1m[36mMutant Load (0.5ms)[0m  [1m[34mSELECT "mutants".* FROM "mutants"[0m
  ↳ app/controllers/mutants_controller.rb:8
Completed 200 OK in 11ms (Views: 9.7ms | ActiveRecord: 0.5ms)


Started GET "/mutants" for 127.0.0.1 at 2018-06-03 09:01:46 -0500
Processing by MutantsController#index as HTML
  [1m[36mMutant Load (0.4ms)[0m  [1m[34mSELECT "mutants".* FROM "mutants"[0m
  ↳ app/controllers/mutants_controller.rb:8
Completed 200 OK in 8ms (Views: 7.5ms | ActiveRecord: 0.4ms)


Started GET "/mutants" for 127.0.0.1 at 2018-06-03 09:01:47 -0500
Processing by MutantsController#index as HTML
  [1m[36mMutant Load (0.3ms)[0m  [1m[34mSELECT "mutants".* FROM "mutants"[0m
  ↳ app/controllers/mutants_controller.rb:8
Completed 200 OK in 10ms (Views: 9.5ms | ActiveRecord: 0.3ms)


Started GET "/mutants" for 127.0.0.1 at 2018-06-03 09:01:47 -0500
Processing by MutantsController#index as HTML
  [1m[36mMutant Load (0.4ms)[0m  [1m[34mSELECT "mutants".* FROM "mutants"[0m
  ↳ app/controllers/mutants_controller.rb:8
Completed 200 OK in 13ms (Views: 12.5ms | ActiveRecord: 0.4ms)


Started GET "/mutants" for 127.0.0.1 at 2018-06-03 09:01:52 -0500
Processing by MutantsController#index as HTML
  [1m[36mMutant Load (0.3ms)[0m  [1m[34mSELECT "mutants".* FROM "mutants"[0m
  ↳ app/controllers/mutants_controller.rb:8
Completed 200 OK in 8ms (Views: 7.7ms | ActiveRecord: 0.3ms)


Started GET "/mutants" for 127.0.0.1 at 2018-06-03 09:01:57 -0500
Processing by MutantsController#index as HTML
  [1m[36mMutant Load (0.3ms)[0m  [1m[34mSELECT "mutants".* FROM "mutants"[0m
  ↳ app/controllers/mutants_controller.rb:8
Completed 200 OK in 10ms (Views: 9.4ms | ActiveRecord: 0.3ms)


Started GET "/mutants" for 127.0.0.1 at 2018-06-03 09:02:05 -0500
Processing by MutantsController#index as HTML
  [1m[36mMutant Load (0.6ms)[0m  [1m[34mSELECT "mutants".* FROM "mutants"[0m
  ↳ app/controllers/mutants_controller.rb:8
Completed 200 OK in 44ms (Views: 43.6ms | ActiveRecord: 0.6ms)


Started GET "/mutants" for 127.0.0.1 at 2018-06-03 09:02:09 -0500
Processing by MutantsController#index as HTML
  [1m[36mMutant Load (0.3ms)[0m  [1m[34mSELECT "mutants".* FROM "mutants"[0m
  ↳ app/controllers/mutants_controller.rb:8
Completed 200 OK in 12ms (Views: 11.2ms | ActiveRecord: 0.3ms)


Started GET "/mutants" for 127.0.0.1 at 2018-06-03 09:02:11 -0500
Processing by MutantsController#index as HTML
  [1m[36mMutant Load (0.4ms)[0m  [1m[34mSELECT "mutants".* FROM "mutants"[0m
  ↳ app/controllers/mutants_controller.rb:8
Completed 200 OK in 11ms (Views: 10.6ms | ActiveRecord: 0.4ms)


Started GET "/mutants" for 127.0.0.1 at 2018-06-03 09:03:32 -0500
Processing by MutantsController#index as HTML
  [1m[36mMutant Load (0.5ms)[0m  [1m[34mSELECT "mutants".* FROM "mutants"[0m
  ↳ app/controllers/mutants_controller.rb:8
Completed 200 OK in 11ms (Views: 10.5ms | ActiveRecord: 0.5ms)


Started GET "/mutants" for 127.0.0.1 at 2018-06-03 09:03:35 -0500
Processing by MutantsController#index as HTML
  [1m[36mMutant Load (0.4ms)[0m  [1m[34mSELECT "mutants".* FROM "mutants"[0m
  ↳ app/controllers/mutants_controller.rb:8
Completed 200 OK in 11ms (Views: 10.5ms | ActiveRecord: 0.4ms)


Started GET "/mutants" for 127.0.0.1 at 2018-06-03 09:04:23 -0500
Processing by MutantsController#index as HTML
  [1m[36mMutant Load (3.4ms)[0m  [1m[34mSELECT "mutants".* FROM "mutants"[0m
  ↳ app/controllers/mutants_controller.rb:8
Completed 200 OK in 302ms (Views: 179.4ms | ActiveRecord: 4.9ms)


Started GET "/mutants" for 127.0.0.1 at 2018-06-03 09:04:23 -0500
Processing by MutantsController#index as HTML
  [1m[36mMutant Load (0.4ms)[0m  [1m[34mSELECT "mutants".* FROM "mutants"[0m
  ↳ app/controllers/mutants_controller.rb:8
Completed 200 OK in 15ms (Views: 14.3ms | ActiveRecord: 0.4ms)


Started GET "/mutants" for 127.0.0.1 at 2018-06-03 09:04:23 -0500
Processing by MutantsController#index as HTML
  [1m[36mMutant Load (0.4ms)[0m  [1m[34mSELECT "mutants".* FROM "mutants"[0m
  ↳ app/controllers/mutants_controller.rb:8
Completed 200 OK in 24ms (Views: 23.3ms | ActiveRecord: 0.4ms)


Started GET "/mutants" for 127.0.0.1 at 2018-06-03 09:32:54 -0500
  
ActiveRecord::PendingMigrationError (

Migrations are pending. To resolve this issue, run:

        bin/rails db:migrate RAILS_ENV=development

):
  
activerecord (5.2.0) lib/active_record/migration.rb:579:in `check_pending!'
activerecord (5.2.0) lib/active_record/migration.rb:556:in `call'
actionpack (5.2.0) lib/action_dispatch/middleware/callbacks.rb:28:in `block in call'
activesupport (5.2.0) lib/active_support/callbacks.rb:98:in `run_callbacks'
actionpack (5.2.0) lib/action_dispatch/middleware/callbacks.rb:26:in `call'
actionpack (5.2.0) lib/action_dispatch/middleware/executor.rb:14:in `call'
actionpack (5.2.0) lib/action_dispatch/middleware/debug_exceptions.rb:61:in `call'
actionpack (5.2.0) lib/action_dispatch/middleware/show_exceptions.rb:33:in `call'
railties (5.2.0) lib/rails/rack/logger.rb:38:in `call_app'
railties (5.2.0) lib/rails/rack/logger.rb:26:in `block in call'
activesupport (5.2.0) lib/active_support/tagged_logging.rb:71:in `block in tagged'
activesupport (5.2.0) lib/active_support/tagged_logging.rb:28:in `tagged'
activesupport (5.2.0) lib/active_support/tagged_logging.rb:71:in `tagged'
railties (5.2.0) lib/rails/rack/logger.rb:26:in `call'
actionpack (5.2.0) lib/action_dispatch/middleware/remote_ip.rb:81:in `call'
actionpack (5.2.0) lib/action_dispatch/middleware/request_id.rb:27:in `call'
rack (2.0.5) lib/rack/runtime.rb:22:in `call'
activesupport (5.2.0) lib/active_support/cache/strategy/local_cache_middleware.rb:29:in `call'
actionpack (5.2.0) lib/action_dispatch/middleware/executor.rb:14:in `call'
actionpack (5.2.0) lib/action_dispatch/middleware/static.rb:127:in `call'
rack (2.0.5) lib/rack/sendfile.rb:111:in `call'
rack-cors (1.0.2) lib/rack/cors.rb:97:in `call'
railties (5.2.0) lib/rails/engine.rb:524:in `call'
puma (3.11.4) lib/puma/configuration.rb:225:in `call'
puma (3.11.4) lib/puma/server.rb:632:in `handle_request'
puma (3.11.4) lib/puma/server.rb:446:in `process_client'
puma (3.11.4) lib/puma/server.rb:306:in `block in run'
puma (3.11.4) lib/puma/thread_pool.rb:120:in `block in spawn_thread'
Started GET "/mutants" for 127.0.0.1 at 2018-06-03 09:32:56 -0500
  
ActiveRecord::PendingMigrationError (

Migrations are pending. To resolve this issue, run:

        bin/rails db:migrate RAILS_ENV=development

):
  
activerecord (5.2.0) lib/active_record/migration.rb:579:in `check_pending!'
activerecord (5.2.0) lib/active_record/migration.rb:556:in `call'
actionpack (5.2.0) lib/action_dispatch/middleware/callbacks.rb:28:in `block in call'
activesupport (5.2.0) lib/active_support/callbacks.rb:98:in `run_callbacks'
actionpack (5.2.0) lib/action_dispatch/middleware/callbacks.rb:26:in `call'
actionpack (5.2.0) lib/action_dispatch/middleware/executor.rb:14:in `call'
actionpack (5.2.0) lib/action_dispatch/middleware/debug_exceptions.rb:61:in `call'
actionpack (5.2.0) lib/action_dispatch/middleware/show_exceptions.rb:33:in `call'
railties (5.2.0) lib/rails/rack/logger.rb:38:in `call_app'
railties (5.2.0) lib/rails/rack/logger.rb:26:in `block in call'
activesupport (5.2.0) lib/active_support/tagged_logging.rb:71:in `block in tagged'
activesupport (5.2.0) lib/active_support/tagged_logging.rb:28:in `tagged'
activesupport (5.2.0) lib/active_support/tagged_logging.rb:71:in `tagged'
railties (5.2.0) lib/rails/rack/logger.rb:26:in `call'
actionpack (5.2.0) lib/action_dispatch/middleware/remote_ip.rb:81:in `call'
actionpack (5.2.0) lib/action_dispatch/middleware/request_id.rb:27:in `call'
rack (2.0.5) lib/rack/runtime.rb:22:in `call'
activesupport (5.2.0) lib/active_support/cache/strategy/local_cache_middleware.rb:29:in `call'
actionpack (5.2.0) lib/action_dispatch/middleware/executor.rb:14:in `call'
actionpack (5.2.0) lib/action_dispatch/middleware/static.rb:127:in `call'
rack (2.0.5) lib/rack/sendfile.rb:111:in `call'
rack-cors (1.0.2) lib/rack/cors.rb:97:in `call'
railties (5.2.0) lib/rails/engine.rb:524:in `call'
puma (3.11.4) lib/puma/configuration.rb:225:in `call'
puma (3.11.4) lib/puma/server.rb:632:in `handle_request'
puma (3.11.4) lib/puma/server.rb:446:in `process_client'
puma (3.11.4) lib/puma/server.rb:306:in `block in run'
puma (3.11.4) lib/puma/thread_pool.rb:120:in `block in spawn_thread'
  [1m[35m (0.1ms)[0m  [1m[34mSELECT sqlite_version(*)[0m
  ↳ bin/rails:9
  [1m[35m (3.0ms)[0m  [1m[35mCREATE TABLE "schema_migrations" ("version" varchar NOT NULL PRIMARY KEY)[0m
  ↳ bin/rails:9
  [1m[35m (1.5ms)[0m  [1m[35mCREATE TABLE "ar_internal_metadata" ("key" varchar NOT NULL PRIMARY KEY, "value" varchar, "created_at" datetime NOT NULL, "updated_at" datetime NOT NULL)[0m
  ↳ bin/rails:9
  [1m[35m (0.2ms)[0m  [1m[34mSELECT "schema_migrations"."version" FROM "schema_migrations" ORDER BY "schema_migrations"."version" ASC[0m
  ↳ bin/rails:9
Migrating to CreateMutants (20180603141143)
  [1m[35m (0.1ms)[0m  [1m[36mbegin transaction[0m
  ↳ bin/rails:9
  [1m[35m (0.5ms)[0m  [1m[35mCREATE TABLE "mutants" ("id" integer PRIMARY KEY AUTOINCREMENT NOT NULL, "name" varchar, "power" varchar, "created_at" datetime NOT NULL, "updated_at" datetime NOT NULL)[0m
  ↳ db/migrate/20180603141143_create_mutants.rb:3
  [1m[36mActiveRecord::SchemaMigration Create (0.2ms)[0m  [1m[32mINSERT INTO "schema_migrations" ("version") VALUES (?)[0m  [["version", "20180603141143"]]
  ↳ bin/rails:9
  [1m[35m (1.3ms)[0m  [1m[36mcommit transaction[0m
  ↳ bin/rails:9
  [1m[36mActiveRecord::InternalMetadata Load (0.3ms)[0m  [1m[34mSELECT  "ar_internal_metadata".* FROM "ar_internal_metadata" WHERE "ar_internal_metadata"."key" = ? LIMIT ?[0m  [["key", "environment"], ["LIMIT", 1]]
  ↳ bin/rails:9
  [1m[35m (0.0ms)[0m  [1m[36mbegin transaction[0m
  ↳ bin/rails:9
  [1m[36mActiveRecord::InternalMetadata Create (0.4ms)[0m  [1m[32mINSERT INTO "ar_internal_metadata" ("key", "value", "created_at", "updated_at") VALUES (?, ?, ?, ?)[0m  [["key", "environment"], ["value", "development"], ["created_at", "2018-06-03 14:33:10.530016"], ["updated_at", "2018-06-03 14:33:10.530016"]]
  ↳ bin/rails:9
  [1m[35m (1.2ms)[0m  [1m[36mcommit transaction[0m
  ↳ bin/rails:9
  [1m[35m (0.1ms)[0m  [1m[34mSELECT "schema_migrations"."version" FROM "schema_migrations" ORDER BY "schema_migrations"."version" ASC[0m
  ↳ bin/rails:9
  [1m[35m (0.1ms)[0m  [1m[34mSELECT "schema_migrations"."version" FROM "schema_migrations" ORDER BY "schema_migrations"."version" ASC[0m
  ↳ bin/rails:9
  [1m[35m (0.1ms)[0m  [1m[36mbegin transaction[0m
  ↳ db/seeds.rb:8
  [1m[36mMutant Create (0.4ms)[0m  [1m[32mINSERT INTO "mutants" ("name", "power", "created_at", "updated_at") VALUES (?, ?, ?, ?)[0m  [["name", "Xavier"], ["power", "Vast telepathic abilities, intellect and offensive psychic attacks"], ["created_at", "2018-06-03 14:33:17.418857"], ["updated_at", "2018-06-03 14:33:17.418857"]]
  ↳ db/seeds.rb:8
  [1m[35m (1.2ms)[0m  [1m[36mcommit transaction[0m
  ↳ db/seeds.rb:8
  [1m[35m (0.1ms)[0m  [1m[36mbegin transaction[0m
  ↳ db/seeds.rb:8
  [1m[36mMutant Create (0.3ms)[0m  [1m[32mINSERT INTO "mutants" ("name", "power", "created_at", "updated_at") VALUES (?, ?, ?, ?)[0m  [["name", "Iceman"], ["power", "Cold and ice manipulation"], ["created_at", "2018-06-03 14:33:17.422485"], ["updated_at", "2018-06-03 14:33:17.422485"]]
  ↳ db/seeds.rb:8
  [1m[35m (1.1ms)[0m  [1m[36mcommit transaction[0m
  ↳ db/seeds.rb:8
  [1m[35m (0.1ms)[0m  [1m[36mbegin transaction[0m
  ↳ db/seeds.rb:8
  [1m[36mMutant Create (0.4ms)[0m  [1m[32mINSERT INTO "mutants" ("name", "power", "created_at", "updated_at") VALUES (?, ?, ?, ?)[0m  [["name", "Cyclops"], ["power", "Optic force blasts and master tactician"], ["created_at", "2018-06-03 14:33:17.425511"], ["updated_at", "2018-06-03 14:33:17.425511"]]
  ↳ db/seeds.rb:8
  [1m[35m (1.0ms)[0m  [1m[36mcommit transaction[0m
  ↳ db/seeds.rb:8
  [1m[35m (0.0ms)[0m  [1m[36mbegin transaction[0m
  ↳ db/seeds.rb:8
  [1m[36mMutant Create (0.3ms)[0m  [1m[32mINSERT INTO "mutants" ("name", "power", "created_at", "updated_at") VALUES (?, ?, ?, ?)[0m  [["name", "Beast"], ["power", "Enhanced strength, agility and intellect"], ["created_at", "2018-06-03 14:33:17.428771"], ["updated_at", "2018-06-03 14:33:17.428771"]]
  ↳ db/seeds.rb:8
  [1m[35m (1.4ms)[0m  [1m[36mcommit transaction[0m
  ↳ db/seeds.rb:8
  [1m[35m (0.1ms)[0m  [1m[36mbegin transaction[0m
  ↳ db/seeds.rb:8
  [1m[36mMutant Create (0.3ms)[0m  [1m[32mINSERT INTO "mutants" ("name", "power", "created_at", "updated_at") VALUES (?, ?, ?, ?)[0m  [["name", "Wolverine"], ["power", "Healing factor, superhuman senses, adamantium skeleton and claws"], ["created_at", "2018-06-03 14:33:17.432482"], ["updated_at", "2018-06-03 14:33:17.432482"]]
  ↳ db/seeds.rb:8
  [1m[35m (1.4ms)[0m  [1m[36mcommit transaction[0m
  ↳ db/seeds.rb:8
  [1m[35m (0.1ms)[0m  [1m[36mbegin transaction[0m
  ↳ db/seeds.rb:8
  [1m[36mMutant Create (0.4ms)[0m  [1m[32mINSERT INTO "mutants" ("name", "power", "created_at", "updated_at") VALUES (?, ?, ?, ?)[0m  [["name", "Storm"], ["power", "Weather manipulation and flight"], ["created_at", "2018-06-03 14:33:17.435811"], ["updated_at", "2018-06-03 14:33:17.435811"]]
  ↳ db/seeds.rb:8
  [1m[35m (1.0ms)[0m  [1m[36mcommit transaction[0m
  ↳ db/seeds.rb:8
  [1m[35m (0.0ms)[0m  [1m[36mbegin transaction[0m
  ↳ db/seeds.rb:8
  [1m[36mMutant Create (0.3ms)[0m  [1m[32mINSERT INTO "mutants" ("name", "power", "created_at", "updated_at") VALUES (?, ?, ?, ?)[0m  [["name", "Colossus"], ["power", "Steel body transformation, superhuman strength, stamina and durability"], ["created_at", "2018-06-03 14:33:17.438731"], ["updated_at", "2018-06-03 14:33:17.438731"]]
  ↳ db/seeds.rb:8
  [1m[35m (1.2ms)[0m  [1m[36mcommit transaction[0m
  ↳ db/seeds.rb:8
  [1m[35m (0.0ms)[0m  [1m[36mbegin transaction[0m
  ↳ db/seeds.rb:8
  [1m[36mMutant Create (0.3ms)[0m  [1m[32mINSERT INTO "mutants" ("name", "power", "created_at", "updated_at") VALUES (?, ?, ?, ?)[0m  [["name", "Nightcrawler"], ["power", "Teleportation, enhanced flexibility and speed"], ["created_at", "2018-06-03 14:33:17.442112"], ["updated_at", "2018-06-03 14:33:17.442112"]]
  ↳ db/seeds.rb:8
  [1m[35m (1.2ms)[0m  [1m[36mcommit transaction[0m
  ↳ db/seeds.rb:8
  [1m[35m (0.0ms)[0m  [1m[36mbegin transaction[0m
  ↳ db/seeds.rb:8
  [1m[36mMutant Create (0.4ms)[0m  [1m[32mINSERT INTO "mutants" ("name", "power", "created_at", "updated_at") VALUES (?, ?, ?, ?)[0m  [["name", "Archangel"], ["power", "Flight and razor sharp feather projection"], ["created_at", "2018-06-03 14:33:17.445031"], ["updated_at", "2018-06-03 14:33:17.445031"]]
  ↳ db/seeds.rb:8
  [1m[35m (1.1ms)[0m  [1m[36mcommit transaction[0m
  ↳ db/seeds.rb:8
  [1m[35m (0.0ms)[0m  [1m[36mbegin transaction[0m
  ↳ db/seeds.rb:8
  [1m[36mMutant Create (0.3ms)[0m  [1m[32mINSERT INTO "mutants" ("name", "power", "created_at", "updated_at") VALUES (?, ?, ?, ?)[0m  [["name", "Gambit"], ["power", "Accelerating regeneration, kinetic energy control and manipulation"], ["created_at", "2018-06-03 14:33:17.448075"], ["updated_at", "2018-06-03 14:33:17.448075"]]
  ↳ db/seeds.rb:8
  [1m[35m (1.0ms)[0m  [1m[36mcommit transaction[0m
  ↳ db/seeds.rb:8
  [1m[35m (0.0ms)[0m  [1m[36mbegin transaction[0m
  ↳ db/seeds.rb:8
  [1m[36mMutant Create (0.3ms)[0m  [1m[32mINSERT INTO "mutants" ("name", "power", "created_at", "updated_at") VALUES (?, ?, ?, ?)[0m  [["name", "Rogue"], ["power", "Absorption of powers, super strength and flight"], ["created_at", "2018-06-03 14:33:17.450710"], ["updated_at", "2018-06-03 14:33:17.450710"]]
  ↳ db/seeds.rb:8
  [1m[35m (1.4ms)[0m  [1m[36mcommit transaction[0m
  ↳ db/seeds.rb:8
  [1m[35m (0.1ms)[0m  [1m[36mbegin transaction[0m
  ↳ db/seeds.rb:8
  [1m[36mMutant Create (1.2ms)[0m  [1m[32mINSERT INTO "mutants" ("name", "power", "created_at", "updated_at") VALUES (?, ?, ?, ?)[0m  [["name", "Bishop"], ["power", "Energy absorption and redirection"], ["created_at", "2018-06-03 14:33:17.482851"], ["updated_at", "2018-06-03 14:33:17.482851"]]
  ↳ db/seeds.rb:8
  [1m[35m (1.1ms)[0m  [1m[36mcommit transaction[0m
  ↳ db/seeds.rb:8
  [1m[35m (0.1ms)[0m  [1m[36mbegin transaction[0m
  ↳ db/seeds.rb:8
  [1m[36mMutant Create (0.5ms)[0m  [1m[32mINSERT INTO "mutants" ("name", "power", "created_at", "updated_at") VALUES (?, ?, ?, ?)[0m  [["name", "Jubilee"], ["power", "Pyrotechnic energy plasmoid generation"], ["created_at", "2018-06-03 14:33:17.487259"], ["updated_at", "2018-06-03 14:33:17.487259"]]
  ↳ db/seeds.rb:8
  [1m[35m (1.0ms)[0m  [1m[36mcommit transaction[0m
  ↳ db/seeds.rb:8
  [1m[35m (0.1ms)[0m  [1m[36mbegin transaction[0m
  ↳ db/seeds.rb:8
  [1m[36mMutant Create (0.4ms)[0m  [1m[32mINSERT INTO "mutants" ("name", "power", "created_at", "updated_at") VALUES (?, ?, ?, ?)[0m  [["name", "Psylocke"], ["power", "Telekinesis, telekinetic katana, telepathy and precognition"], ["created_at", "2018-06-03 14:33:17.490969"], ["updated_at", "2018-06-03 14:33:17.490969"]]
  ↳ db/seeds.rb:8
  [1m[35m (1.2ms)[0m  [1m[36mcommit transaction[0m
  ↳ db/seeds.rb:8
Started GET "/mutants" for 127.0.0.1 at 2018-06-03 09:33:51 -0500
  [1m[35m (0.1ms)[0m  [1m[34mSELECT "schema_migrations"."version" FROM "schema_migrations" ORDER BY "schema_migrations"."version" ASC[0m
  ↳ /Users/sgregory/.rvm/gems/ruby-2.5.1/gems/activerecord-5.2.0/lib/active_record/log_subscriber.rb:98
Processing by MutantsController#index as HTML
  [1m[36mMutant Load (0.2ms)[0m  [1m[34mSELECT "mutants".* FROM "mutants"[0m
  ↳ app/controllers/mutants_controller.rb:8
Completed 200 OK in 10ms (Views: 7.6ms | ActiveRecord: 0.9ms)


Started GET "/mutants" for 127.0.0.1 at 2018-06-03 09:34:17 -0500
  [1m[35m (0.6ms)[0m  [1m[34mSELECT "schema_migrations"."version" FROM "schema_migrations" ORDER BY "schema_migrations"."version" ASC[0m
  ↳ /Users/sgregory/.rvm/gems/ruby-2.5.1/gems/activerecord-5.2.0/lib/active_record/log_subscriber.rb:98
Processing by MutantsController#index as HTML
  [1m[36mMutant Load (0.7ms)[0m  [1m[34mSELECT "mutants".* FROM "mutants"[0m
  ↳ app/controllers/mutants_controller.rb:8
Completed 200 OK in 12ms (Views: 8.3ms | ActiveRecord: 1.3ms)


Started GET "/mutants" for 127.0.0.1 at 2018-06-03 09:38:35 -0500
  
ActiveRecord::PendingMigrationError (

Migrations are pending. To resolve this issue, run:

        bin/rails db:migrate RAILS_ENV=development

):
  
activerecord (5.2.0) lib/active_record/migration.rb:579:in `check_pending!'
activerecord (5.2.0) lib/active_record/migration.rb:556:in `call'
actionpack (5.2.0) lib/action_dispatch/middleware/callbacks.rb:28:in `block in call'
activesupport (5.2.0) lib/active_support/callbacks.rb:98:in `run_callbacks'
actionpack (5.2.0) lib/action_dispatch/middleware/callbacks.rb:26:in `call'
actionpack (5.2.0) lib/action_dispatch/middleware/executor.rb:14:in `call'
actionpack (5.2.0) lib/action_dispatch/middleware/debug_exceptions.rb:61:in `call'
actionpack (5.2.0) lib/action_dispatch/middleware/show_exceptions.rb:33:in `call'
railties (5.2.0) lib/rails/rack/logger.rb:38:in `call_app'
railties (5.2.0) lib/rails/rack/logger.rb:26:in `block in call'
activesupport (5.2.0) lib/active_support/tagged_logging.rb:71:in `block in tagged'
activesupport (5.2.0) lib/active_support/tagged_logging.rb:28:in `tagged'
activesupport (5.2.0) lib/active_support/tagged_logging.rb:71:in `tagged'
railties (5.2.0) lib/rails/rack/logger.rb:26:in `call'
actionpack (5.2.0) lib/action_dispatch/middleware/remote_ip.rb:81:in `call'
actionpack (5.2.0) lib/action_dispatch/middleware/request_id.rb:27:in `call'
rack (2.0.5) lib/rack/runtime.rb:22:in `call'
activesupport (5.2.0) lib/active_support/cache/strategy/local_cache_middleware.rb:29:in `call'
actionpack (5.2.0) lib/action_dispatch/middleware/executor.rb:14:in `call'
actionpack (5.2.0) lib/action_dispatch/middleware/static.rb:127:in `call'
rack (2.0.5) lib/rack/sendfile.rb:111:in `call'
rack-cors (1.0.2) lib/rack/cors.rb:97:in `call'
railties (5.2.0) lib/rails/engine.rb:524:in `call'
puma (3.11.4) lib/puma/configuration.rb:225:in `call'
puma (3.11.4) lib/puma/server.rb:632:in `handle_request'
puma (3.11.4) lib/puma/server.rb:446:in `process_client'
puma (3.11.4) lib/puma/server.rb:306:in `block in run'
puma (3.11.4) lib/puma/thread_pool.rb:120:in `block in spawn_thread'
Started GET "/mutants" for 127.0.0.1 at 2018-06-03 09:41:05 -0500
  
ActiveRecord::PendingMigrationError (

Migrations are pending. To resolve this issue, run:

        bin/rails db:migrate RAILS_ENV=development

):
  
activerecord (5.2.0) lib/active_record/migration.rb:579:in `check_pending!'
activerecord (5.2.0) lib/active_record/migration.rb:556:in `call'
actionpack (5.2.0) lib/action_dispatch/middleware/callbacks.rb:28:in `block in call'
activesupport (5.2.0) lib/active_support/callbacks.rb:98:in `run_callbacks'
actionpack (5.2.0) lib/action_dispatch/middleware/callbacks.rb:26:in `call'
actionpack (5.2.0) lib/action_dispatch/middleware/executor.rb:14:in `call'
actionpack (5.2.0) lib/action_dispatch/middleware/debug_exceptions.rb:61:in `call'
actionpack (5.2.0) lib/action_dispatch/middleware/show_exceptions.rb:33:in `call'
railties (5.2.0) lib/rails/rack/logger.rb:38:in `call_app'
railties (5.2.0) lib/rails/rack/logger.rb:26:in `block in call'
activesupport (5.2.0) lib/active_support/tagged_logging.rb:71:in `block in tagged'
activesupport (5.2.0) lib/active_support/tagged_logging.rb:28:in `tagged'
activesupport (5.2.0) lib/active_support/tagged_logging.rb:71:in `tagged'
railties (5.2.0) lib/rails/rack/logger.rb:26:in `call'
actionpack (5.2.0) lib/action_dispatch/middleware/remote_ip.rb:81:in `call'
actionpack (5.2.0) lib/action_dispatch/middleware/request_id.rb:27:in `call'
rack (2.0.5) lib/rack/runtime.rb:22:in `call'
activesupport (5.2.0) lib/active_support/cache/strategy/local_cache_middleware.rb:29:in `call'
actionpack (5.2.0) lib/action_dispatch/middleware/executor.rb:14:in `call'
actionpack (5.2.0) lib/action_dispatch/middleware/static.rb:127:in `call'
rack (2.0.5) lib/rack/sendfile.rb:111:in `call'
rack-cors (1.0.2) lib/rack/cors.rb:97:in `call'
railties (5.2.0) lib/rails/engine.rb:524:in `call'
puma (3.11.4) lib/puma/configuration.rb:225:in `call'
puma (3.11.4) lib/puma/server.rb:632:in `handle_request'
puma (3.11.4) lib/puma/server.rb:446:in `process_client'
puma (3.11.4) lib/puma/server.rb:306:in `block in run'
puma (3.11.4) lib/puma/thread_pool.rb:120:in `block in spawn_thread'
Started GET "/mutants" for 127.0.0.1 at 2018-06-03 09:41:05 -0500
  
ActiveRecord::PendingMigrationError (

Migrations are pending. To resolve this issue, run:

        bin/rails db:migrate RAILS_ENV=development

):
  
activerecord (5.2.0) lib/active_record/migration.rb:579:in `check_pending!'
activerecord (5.2.0) lib/active_record/migration.rb:556:in `call'
actionpack (5.2.0) lib/action_dispatch/middleware/callbacks.rb:28:in `block in call'
activesupport (5.2.0) lib/active_support/callbacks.rb:98:in `run_callbacks'
actionpack (5.2.0) lib/action_dispatch/middleware/callbacks.rb:26:in `call'
actionpack (5.2.0) lib/action_dispatch/middleware/executor.rb:14:in `call'
actionpack (5.2.0) lib/action_dispatch/middleware/debug_exceptions.rb:61:in `call'
actionpack (5.2.0) lib/action_dispatch/middleware/show_exceptions.rb:33:in `call'
railties (5.2.0) lib/rails/rack/logger.rb:38:in `call_app'
railties (5.2.0) lib/rails/rack/logger.rb:26:in `block in call'
activesupport (5.2.0) lib/active_support/tagged_logging.rb:71:in `block in tagged'
activesupport (5.2.0) lib/active_support/tagged_logging.rb:28:in `tagged'
activesupport (5.2.0) lib/active_support/tagged_logging.rb:71:in `tagged'
railties (5.2.0) lib/rails/rack/logger.rb:26:in `call'
actionpack (5.2.0) lib/action_dispatch/middleware/remote_ip.rb:81:in `call'
actionpack (5.2.0) lib/action_dispatch/middleware/request_id.rb:27:in `call'
rack (2.0.5) lib/rack/runtime.rb:22:in `call'
activesupport (5.2.0) lib/active_support/cache/strategy/local_cache_middleware.rb:29:in `call'
actionpack (5.2.0) lib/action_dispatch/middleware/executor.rb:14:in `call'
actionpack (5.2.0) lib/action_dispatch/middleware/static.rb:127:in `call'
rack (2.0.5) lib/rack/sendfile.rb:111:in `call'
rack-cors (1.0.2) lib/rack/cors.rb:97:in `call'
railties (5.2.0) lib/rails/engine.rb:524:in `call'
puma (3.11.4) lib/puma/configuration.rb:225:in `call'
puma (3.11.4) lib/puma/server.rb:632:in `handle_request'
puma (3.11.4) lib/puma/server.rb:446:in `process_client'
puma (3.11.4) lib/puma/server.rb:306:in `block in run'
puma (3.11.4) lib/puma/thread_pool.rb:120:in `block in spawn_thread'
  [1m[35m (0.1ms)[0m  [1m[34mSELECT sqlite_version(*)[0m
  ↳ bin/rails:9
  [1m[35m (3.0ms)[0m  [1m[35mCREATE TABLE "schema_migrations" ("version" varchar NOT NULL PRIMARY KEY)[0m
  ↳ bin/rails:9
  [1m[35m (1.5ms)[0m  [1m[35mCREATE TABLE "ar_internal_metadata" ("key" varchar NOT NULL PRIMARY KEY, "value" varchar, "created_at" datetime NOT NULL, "updated_at" datetime NOT NULL)[0m
  ↳ bin/rails:9
  [1m[35m (0.1ms)[0m  [1m[34mSELECT "schema_migrations"."version" FROM "schema_migrations" ORDER BY "schema_migrations"."version" ASC[0m
  ↳ bin/rails:9
Migrating to CreateMutants (20180603141143)
  [1m[35m (0.1ms)[0m  [1m[36mbegin transaction[0m
  ↳ bin/rails:9
  [1m[35m (0.5ms)[0m  [1m[35mCREATE TABLE "mutants" ("id" integer PRIMARY KEY AUTOINCREMENT NOT NULL, "name" varchar, "power" varchar, "created_at" datetime NOT NULL, "updated_at" datetime NOT NULL)[0m
  ↳ db/migrate/20180603141143_create_mutants.rb:3
  [1m[36mActiveRecord::SchemaMigration Create (0.2ms)[0m  [1m[32mINSERT INTO "schema_migrations" ("version") VALUES (?)[0m  [["version", "20180603141143"]]
  ↳ bin/rails:9
  [1m[35m (1.2ms)[0m  [1m[36mcommit transaction[0m
  ↳ bin/rails:9
  [1m[36mActiveRecord::InternalMetadata Load (0.3ms)[0m  [1m[34mSELECT  "ar_internal_metadata".* FROM "ar_internal_metadata" WHERE "ar_internal_metadata"."key" = ? LIMIT ?[0m  [["key", "environment"], ["LIMIT", 1]]
  ↳ bin/rails:9
  [1m[35m (0.1ms)[0m  [1m[36mbegin transaction[0m
  ↳ bin/rails:9
  [1m[36mActiveRecord::InternalMetadata Create (0.3ms)[0m  [1m[32mINSERT INTO "ar_internal_metadata" ("key", "value", "created_at", "updated_at") VALUES (?, ?, ?, ?)[0m  [["key", "environment"], ["value", "development"], ["created_at", "2018-06-03 14:41:29.044498"], ["updated_at", "2018-06-03 14:41:29.044498"]]
  ↳ bin/rails:9
  [1m[35m (0.9ms)[0m  [1m[36mcommit transaction[0m
  ↳ bin/rails:9
  [1m[35m (0.1ms)[0m  [1m[34mSELECT "schema_migrations"."version" FROM "schema_migrations" ORDER BY "schema_migrations"."version" ASC[0m
  ↳ bin/rails:9
  [1m[35m (0.1ms)[0m  [1m[34mSELECT "schema_migrations"."version" FROM "schema_migrations" ORDER BY "schema_migrations"."version" ASC[0m
  ↳ bin/rails:9
  [1m[35m (0.0ms)[0m  [1m[36mbegin transaction[0m
  ↳ db/seeds.rb:8
  [1m[36mMutant Create (0.4ms)[0m  [1m[32mINSERT INTO "mutants" ("name", "power", "created_at", "updated_at") VALUES (?, ?, ?, ?)[0m  [["name", "Xavier"], ["power", "Vast telepathic abilities, intellect and offensive psychic attacks"], ["created_at", "2018-06-03 14:41:39.618427"], ["updated_at", "2018-06-03 14:41:39.618427"]]
  ↳ db/seeds.rb:8
  [1m[35m (1.1ms)[0m  [1m[36mcommit transaction[0m
  ↳ db/seeds.rb:8
  [1m[35m (0.0ms)[0m  [1m[36mbegin transaction[0m
  ↳ db/seeds.rb:8
  [1m[36mMutant Create (0.3ms)[0m  [1m[32mINSERT INTO "mutants" ("name", "power", "created_at", "updated_at") VALUES (?, ?, ?, ?)[0m  [["name", "Iceman"], ["power", "Cold and ice manipulation"], ["created_at", "2018-06-03 14:41:39.621617"], ["updated_at", "2018-06-03 14:41:39.621617"]]
  ↳ db/seeds.rb:8
  [1m[35m (1.3ms)[0m  [1m[36mcommit transaction[0m
  ↳ db/seeds.rb:8
  [1m[35m (0.1ms)[0m  [1m[36mbegin transaction[0m
  ↳ db/seeds.rb:8
  [1m[36mMutant Create (0.3ms)[0m  [1m[32mINSERT INTO "mutants" ("name", "power", "created_at", "updated_at") VALUES (?, ?, ?, ?)[0m  [["name", "Cyclops"], ["power", "Optic force blasts and master tactician"], ["created_at", "2018-06-03 14:41:39.624851"], ["updated_at", "2018-06-03 14:41:39.624851"]]
  ↳ db/seeds.rb:8
  [1m[35m (1.0ms)[0m  [1m[36mcommit transaction[0m
  ↳ db/seeds.rb:8
  [1m[35m (0.0ms)[0m  [1m[36mbegin transaction[0m
  ↳ db/seeds.rb:8
  [1m[36mMutant Create (0.3ms)[0m  [1m[32mINSERT INTO "mutants" ("name", "power", "created_at", "updated_at") VALUES (?, ?, ?, ?)[0m  [["name", "Beast"], ["power", "Enhanced strength, agility and intellect"], ["created_at", "2018-06-03 14:41:39.627444"], ["updated_at", "2018-06-03 14:41:39.627444"]]
  ↳ db/seeds.rb:8
  [1m[35m (1.5ms)[0m  [1m[36mcommit transaction[0m
  ↳ db/seeds.rb:8
  [1m[35m (0.0ms)[0m  [1m[36mbegin transaction[0m
  ↳ db/seeds.rb:8
  [1m[36mMutant Create (0.3ms)[0m  [1m[32mINSERT INTO "mutants" ("name", "power", "created_at", "updated_at") VALUES (?, ?, ?, ?)[0m  [["name", "Wolverine"], ["power", "Healing factor, superhuman senses, adamantium skeleton and claws"], ["created_at", "2018-06-03 14:41:39.630897"], ["updated_at", "2018-06-03 14:41:39.630897"]]
  ↳ db/seeds.rb:8
  [1m[35m (1.2ms)[0m  [1m[36mcommit transaction[0m
  ↳ db/seeds.rb:8
  [1m[35m (0.0ms)[0m  [1m[36mbegin transaction[0m
  ↳ db/seeds.rb:8
  [1m[36mMutant Create (0.3ms)[0m  [1m[32mINSERT INTO "mutants" ("name", "power", "created_at", "updated_at") VALUES (?, ?, ?, ?)[0m  [["name", "Storm"], ["power", "Weather manipulation and flight"], ["created_at", "2018-06-03 14:41:39.633676"], ["updated_at", "2018-06-03 14:41:39.633676"]]
  ↳ db/seeds.rb:8
  [1m[35m (1.3ms)[0m  [1m[36mcommit transaction[0m
  ↳ db/seeds.rb:8
  [1m[35m (0.0ms)[0m  [1m[36mbegin transaction[0m
  ↳ db/seeds.rb:8
  [1m[36mMutant Create (0.3ms)[0m  [1m[32mINSERT INTO "mutants" ("name", "power", "created_at", "updated_at") VALUES (?, ?, ?, ?)[0m  [["name", "Colossus"], ["power", "Steel body transformation, superhuman strength, stamina and durability"], ["created_at", "2018-06-03 14:41:39.636951"], ["updated_at", "2018-06-03 14:41:39.636951"]]
  ↳ db/seeds.rb:8
  [1m[35m (1.1ms)[0m  [1m[36mcommit transaction[0m
  ↳ db/seeds.rb:8
  [1m[35m (0.0ms)[0m  [1m[36mbegin transaction[0m
  ↳ db/seeds.rb:8
  [1m[36mMutant Create (0.3ms)[0m  [1m[32mINSERT INTO "mutants" ("name", "power", "created_at", "updated_at") VALUES (?, ?, ?, ?)[0m  [["name", "Nightcrawler"], ["power", "Teleportation, enhanced flexibility and speed"], ["created_at", "2018-06-03 14:41:39.639653"], ["updated_at", "2018-06-03 14:41:39.639653"]]
  ↳ db/seeds.rb:8
  [1m[35m (1.4ms)[0m  [1m[36mcommit transaction[0m
  ↳ db/seeds.rb:8
  [1m[35m (0.0ms)[0m  [1m[36mbegin transaction[0m
  ↳ db/seeds.rb:8
  [1m[36mMutant Create (0.3ms)[0m  [1m[32mINSERT INTO "mutants" ("name", "power", "created_at", "updated_at") VALUES (?, ?, ?, ?)[0m  [["name", "Archangel"], ["power", "Flight and razor sharp feather projection"], ["created_at", "2018-06-03 14:41:39.643239"], ["updated_at", "2018-06-03 14:41:39.643239"]]
  ↳ db/seeds.rb:8
  [1m[35m (0.7ms)[0m  [1m[36mcommit transaction[0m
  ↳ db/seeds.rb:8
  [1m[35m (0.0ms)[0m  [1m[36mbegin transaction[0m
  ↳ db/seeds.rb:8
  [1m[36mMutant Create (0.3ms)[0m  [1m[32mINSERT INTO "mutants" ("name", "power", "created_at", "updated_at") VALUES (?, ?, ?, ?)[0m  [["name", "Gambit"], ["power", "Accelerating regeneration, kinetic energy control and manipulation"], ["created_at", "2018-06-03 14:41:39.645555"], ["updated_at", "2018-06-03 14:41:39.645555"]]
  ↳ db/seeds.rb:8
  [1m[35m (1.1ms)[0m  [1m[36mcommit transaction[0m
  ↳ db/seeds.rb:8
  [1m[35m (0.0ms)[0m  [1m[36mbegin transaction[0m
  ↳ db/seeds.rb:8
  [1m[36mMutant Create (0.3ms)[0m  [1m[32mINSERT INTO "mutants" ("name", "power", "created_at", "updated_at") VALUES (?, ?, ?, ?)[0m  [["name", "Rogue"], ["power", "Absorption of powers, super strength and flight"], ["created_at", "2018-06-03 14:41:39.648051"], ["updated_at", "2018-06-03 14:41:39.648051"]]
  ↳ db/seeds.rb:8
  [1m[35m (0.9ms)[0m  [1m[36mcommit transaction[0m
  ↳ db/seeds.rb:8
  [1m[35m (0.0ms)[0m  [1m[36mbegin transaction[0m
  ↳ db/seeds.rb:8
  [1m[36mMutant Create (0.3ms)[0m  [1m[32mINSERT INTO "mutants" ("name", "power", "created_at", "updated_at") VALUES (?, ?, ?, ?)[0m  [["name", "Bishop"], ["power", "Energy absorption and redirection"], ["created_at", "2018-06-03 14:41:39.650453"], ["updated_at", "2018-06-03 14:41:39.650453"]]
  ↳ db/seeds.rb:8
  [1m[35m (1.3ms)[0m  [1m[36mcommit transaction[0m
  ↳ db/seeds.rb:8
  [1m[35m (0.1ms)[0m  [1m[36mbegin transaction[0m
  ↳ db/seeds.rb:8
  [1m[36mMutant Create (0.3ms)[0m  [1m[32mINSERT INTO "mutants" ("name", "power", "created_at", "updated_at") VALUES (?, ?, ?, ?)[0m  [["name", "Jubilee"], ["power", "Pyrotechnic energy plasmoid generation"], ["created_at", "2018-06-03 14:41:39.653541"], ["updated_at", "2018-06-03 14:41:39.653541"]]
  ↳ db/seeds.rb:8
  [1m[35m (1.1ms)[0m  [1m[36mcommit transaction[0m
  ↳ db/seeds.rb:8
  [1m[35m (0.0ms)[0m  [1m[36mbegin transaction[0m
  ↳ db/seeds.rb:8
  [1m[36mMutant Create (0.3ms)[0m  [1m[32mINSERT INTO "mutants" ("name", "power", "created_at", "updated_at") VALUES (?, ?, ?, ?)[0m  [["name", "Psylocke"], ["power", "Telekinesis, telekinetic katana, telepathy and precognition"], ["created_at", "2018-06-03 14:41:39.656085"], ["updated_at", "2018-06-03 14:41:39.656085"]]
  ↳ db/seeds.rb:8
  [1m[35m (1.1ms)[0m  [1m[36mcommit transaction[0m
  ↳ db/seeds.rb:8
Started GET "/mutants" for 127.0.0.1 at 2018-06-03 09:41:51 -0500
  [1m[35m (0.1ms)[0m  [1m[34mSELECT "schema_migrations"."version" FROM "schema_migrations" ORDER BY "schema_migrations"."version" ASC[0m
  ↳ /Users/sgregory/.rvm/gems/ruby-2.5.1/gems/activerecord-5.2.0/lib/active_record/log_subscriber.rb:98
Processing by MutantsController#index as HTML
  [1m[36mMutant Load (0.2ms)[0m  [1m[34mSELECT "mutants".* FROM "mutants"[0m
  ↳ app/controllers/mutants_controller.rb:8
Completed 200 OK in 10ms (Views: 7.7ms | ActiveRecord: 0.8ms)


Started GET "/mutants" for 127.0.0.1 at 2018-06-03 09:41:52 -0500
Processing by MutantsController#index as HTML
  [1m[36mMutant Load (0.2ms)[0m  [1m[34mSELECT "mutants".* FROM "mutants"[0m
  ↳ app/controllers/mutants_controller.rb:8
Completed 200 OK in 3ms (Views: 2.8ms | ActiveRecord: 0.2ms)


Started GET "/mutants" for 127.0.0.1 at 2018-06-03 09:42:16 -0500
  [1m[35m (0.7ms)[0m  [1m[34mSELECT "schema_migrations"."version" FROM "schema_migrations" ORDER BY "schema_migrations"."version" ASC[0m
  ↳ /Users/sgregory/.rvm/gems/ruby-2.5.1/gems/activerecord-5.2.0/lib/active_record/log_subscriber.rb:98
Processing by MutantsController#index as HTML
  [1m[36mMutant Load (0.7ms)[0m  [1m[34mSELECT "mutants".* FROM "mutants"[0m
  ↳ app/controllers/mutants_controller.rb:8
Completed 200 OK in 13ms (Views: 9.3ms | ActiveRecord: 1.3ms)


Started GET "/mutants" for 127.0.0.1 at 2018-06-03 09:46:54 -0500
  [1m[35m (0.5ms)[0m  [1m[34mSELECT "schema_migrations"."version" FROM "schema_migrations" ORDER BY "schema_migrations"."version" ASC[0m
  ↳ /Users/sgregory/.rvm/gems/ruby-2.5.1/gems/activerecord-5.2.0/lib/active_record/log_subscriber.rb:98
Processing by MutantsController#index as HTML
  [1m[36mMutant Load (0.5ms)[0m  [1m[34mSELECT "mutants".* FROM "mutants"[0m
  ↳ app/controllers/mutants_controller.rb:8
Completed 200 OK in 13ms (Views: 9.3ms | ActiveRecord: 1.1ms)


Started GET "/mutants" for 127.0.0.1 at 2018-06-03 09:47:16 -0500
Processing by MutantsController#index as HTML
  [1m[36mMutant Load (0.4ms)[0m  [1m[34mSELECT "mutants".* FROM "mutants"[0m
  ↳ app/controllers/mutants_controller.rb:8
Completed 200 OK in 5ms (Views: 4.2ms | ActiveRecord: 0.4ms)


  [1m[35m (0.1ms)[0m  [1m[34mSELECT sqlite_version(*)[0m
  ↳ bin/rails:9
  [1m[35m (1.8ms)[0m  [1m[35mCREATE TABLE "schema_migrations" ("version" varchar NOT NULL PRIMARY KEY)[0m
  ↳ bin/rails:9
  [1m[35m (1.7ms)[0m  [1m[35mCREATE TABLE "ar_internal_metadata" ("key" varchar NOT NULL PRIMARY KEY, "value" varchar, "created_at" datetime NOT NULL, "updated_at" datetime NOT NULL)[0m
  ↳ bin/rails:9
  [1m[35m (0.2ms)[0m  [1m[34mSELECT "schema_migrations"."version" FROM "schema_migrations" ORDER BY "schema_migrations"."version" ASC[0m
  ↳ bin/rails:9
Migrating to CreateMutants (20180603141143)
  [1m[35m (0.1ms)[0m  [1m[36mbegin transaction[0m
  ↳ bin/rails:9
  [1m[35m (0.6ms)[0m  [1m[35mCREATE TABLE "mutants" ("id" integer PRIMARY KEY AUTOINCREMENT NOT NULL, "name" varchar, "power" varchar, "created_at" datetime NOT NULL, "updated_at" datetime NOT NULL)[0m
  ↳ db/migrate/20180603141143_create_mutants.rb:3
  [1m[36mActiveRecord::SchemaMigration Create (0.2ms)[0m  [1m[32mINSERT INTO "schema_migrations" ("version") VALUES (?)[0m  [["version", "20180603141143"]]
  ↳ bin/rails:9
  [1m[35m (1.1ms)[0m  [1m[36mcommit transaction[0m
  ↳ bin/rails:9
  [1m[36mActiveRecord::InternalMetadata Load (0.2ms)[0m  [1m[34mSELECT  "ar_internal_metadata".* FROM "ar_internal_metadata" WHERE "ar_internal_metadata"."key" = ? LIMIT ?[0m  [["key", "environment"], ["LIMIT", 1]]
  ↳ bin/rails:9
  [1m[35m (0.0ms)[0m  [1m[36mbegin transaction[0m
  ↳ bin/rails:9
  [1m[36mActiveRecord::InternalMetadata Create (0.4ms)[0m  [1m[32mINSERT INTO "ar_internal_metadata" ("key", "value", "created_at", "updated_at") VALUES (?, ?, ?, ?)[0m  [["key", "environment"], ["value", "development"], ["created_at", "2018-06-03 14:48:57.188626"], ["updated_at", "2018-06-03 14:48:57.188626"]]
  ↳ bin/rails:9
  [1m[35m (2.3ms)[0m  [1m[36mcommit transaction[0m
  ↳ bin/rails:9
  [1m[35m (0.1ms)[0m  [1m[34mSELECT "schema_migrations"."version" FROM "schema_migrations" ORDER BY "schema_migrations"."version" ASC[0m
  ↳ bin/rails:9
  [1m[35m (0.1ms)[0m  [1m[34mSELECT "schema_migrations"."version" FROM "schema_migrations" ORDER BY "schema_migrations"."version" ASC[0m
  ↳ bin/rails:9
  [1m[35m (0.1ms)[0m  [1m[36mbegin transaction[0m
  ↳ db/seeds.rb:8
  [1m[36mMutant Create (0.4ms)[0m  [1m[32mINSERT INTO "mutants" ("name", "power", "created_at", "updated_at") VALUES (?, ?, ?, ?)[0m  [["name", "Xavier"], ["power", "Vast telepathic abilities, intellect and offensive psychic attacks"], ["created_at", "2018-06-03 14:49:03.635246"], ["updated_at", "2018-06-03 14:49:03.635246"]]
  ↳ db/seeds.rb:8
  [1m[35m (1.2ms)[0m  [1m[36mcommit transaction[0m
  ↳ db/seeds.rb:8
  [1m[35m (0.0ms)[0m  [1m[36mbegin transaction[0m
  ↳ db/seeds.rb:8
  [1m[36mMutant Create (0.3ms)[0m  [1m[32mINSERT INTO "mutants" ("name", "power", "created_at", "updated_at") VALUES (?, ?, ?, ?)[0m  [["name", "Iceman"], ["power", "Cold and ice manipulation"], ["created_at", "2018-06-03 14:49:03.638473"], ["updated_at", "2018-06-03 14:49:03.638473"]]
  ↳ db/seeds.rb:8
  [1m[35m (1.3ms)[0m  [1m[36mcommit transaction[0m
  ↳ db/seeds.rb:8
  [1m[35m (0.1ms)[0m  [1m[36mbegin transaction[0m
  ↳ db/seeds.rb:8
  [1m[36mMutant Create (0.3ms)[0m  [1m[32mINSERT INTO "mutants" ("name", "power", "created_at", "updated_at") VALUES (?, ?, ?, ?)[0m  [["name", "Cyclops"], ["power", "Optic force blasts and master tactician"], ["created_at", "2018-06-03 14:49:03.641790"], ["updated_at", "2018-06-03 14:49:03.641790"]]
  ↳ db/seeds.rb:8
  [1m[35m (1.1ms)[0m  [1m[36mcommit transaction[0m
  ↳ db/seeds.rb:8
  [1m[35m (0.0ms)[0m  [1m[36mbegin transaction[0m
  ↳ db/seeds.rb:8
  [1m[36mMutant Create (0.3ms)[0m  [1m[32mINSERT INTO "mutants" ("name", "power", "created_at", "updated_at") VALUES (?, ?, ?, ?)[0m  [["name", "Beast"], ["power", "Enhanced strength, agility and intellect"], ["created_at", "2018-06-03 14:49:03.644578"], ["updated_at", "2018-06-03 14:49:03.644578"]]
  ↳ db/seeds.rb:8
  [1m[35m (1.0ms)[0m  [1m[36mcommit transaction[0m
  ↳ db/seeds.rb:8
  [1m[35m (0.0ms)[0m  [1m[36mbegin transaction[0m
  ↳ db/seeds.rb:8
  [1m[36mMutant Create (0.4ms)[0m  [1m[32mINSERT INTO "mutants" ("name", "power", "created_at", "updated_at") VALUES (?, ?, ?, ?)[0m  [["name", "Wolverine"], ["power", "Healing factor, superhuman senses, adamantium skeleton and claws"], ["created_at", "2018-06-03 14:49:03.647733"], ["updated_at", "2018-06-03 14:49:03.647733"]]
  ↳ db/seeds.rb:8
  [1m[35m (1.1ms)[0m  [1m[36mcommit transaction[0m
  ↳ db/seeds.rb:8
  [1m[35m (0.0ms)[0m  [1m[36mbegin transaction[0m
  ↳ db/seeds.rb:8
  [1m[36mMutant Create (0.4ms)[0m  [1m[32mINSERT INTO "mutants" ("name", "power", "created_at", "updated_at") VALUES (?, ?, ?, ?)[0m  [["name", "Storm"], ["power", "Weather manipulation and flight"], ["created_at", "2018-06-03 14:49:03.650637"], ["updated_at", "2018-06-03 14:49:03.650637"]]
  ↳ db/seeds.rb:8
  [1m[35m (1.2ms)[0m  [1m[36mcommit transaction[0m
  ↳ db/seeds.rb:8
  [1m[35m (0.1ms)[0m  [1m[36mbegin transaction[0m
  ↳ db/seeds.rb:8
  [1m[36mMutant Create (0.3ms)[0m  [1m[32mINSERT INTO "mutants" ("name", "power", "created_at", "updated_at") VALUES (?, ?, ?, ?)[0m  [["name", "Colossus"], ["power", "Steel body transformation, superhuman strength, stamina and durability"], ["created_at", "2018-06-03 14:49:03.653500"], ["updated_at", "2018-06-03 14:49:03.653500"]]
  ↳ db/seeds.rb:8
  [1m[35m (0.9ms)[0m  [1m[36mcommit transaction[0m
  ↳ db/seeds.rb:8
  [1m[35m (0.0ms)[0m  [1m[36mbegin transaction[0m
  ↳ db/seeds.rb:8
  [1m[36mMutant Create (0.3ms)[0m  [1m[32mINSERT INTO "mutants" ("name", "power", "created_at", "updated_at") VALUES (?, ?, ?, ?)[0m  [["name", "Nightcrawler"], ["power", "Teleportation, enhanced flexibility and speed"], ["created_at", "2018-06-03 14:49:03.656083"], ["updated_at", "2018-06-03 14:49:03.656083"]]
  ↳ db/seeds.rb:8
  [1m[35m (1.0ms)[0m  [1m[36mcommit transaction[0m
  ↳ db/seeds.rb:8
  [1m[35m (0.0ms)[0m  [1m[36mbegin transaction[0m
  ↳ db/seeds.rb:8
  [1m[36mMutant Create (0.3ms)[0m  [1m[32mINSERT INTO "mutants" ("name", "power", "created_at", "updated_at") VALUES (?, ?, ?, ?)[0m  [["name", "Archangel"], ["power", "Flight and razor sharp feather projection"], ["created_at", "2018-06-03 14:49:03.658798"], ["updated_at", "2018-06-03 14:49:03.658798"]]
  ↳ db/seeds.rb:8
  [1m[35m (1.0ms)[0m  [1m[36mcommit transaction[0m
  ↳ db/seeds.rb:8
  [1m[35m (0.0ms)[0m  [1m[36mbegin transaction[0m
  ↳ db/seeds.rb:8
  [1m[36mMutant Create (0.3ms)[0m  [1m[32mINSERT INTO "mutants" ("name", "power", "created_at", "updated_at") VALUES (?, ?, ?, ?)[0m  [["name", "Gambit"], ["power", "Accelerating regeneration, kinetic energy control and manipulation"], ["created_at", "2018-06-03 14:49:03.661732"], ["updated_at", "2018-06-03 14:49:03.661732"]]
  ↳ db/seeds.rb:8
  [1m[35m (0.9ms)[0m  [1m[36mcommit transaction[0m
  ↳ db/seeds.rb:8
  [1m[35m (0.0ms)[0m  [1m[36mbegin transaction[0m
  ↳ db/seeds.rb:8
  [1m[36mMutant Create (0.3ms)[0m  [1m[32mINSERT INTO "mutants" ("name", "power", "created_at", "updated_at") VALUES (?, ?, ?, ?)[0m  [["name", "Rogue"], ["power", "Absorption of powers, super strength and flight"], ["created_at", "2018-06-03 14:49:03.664197"], ["updated_at", "2018-06-03 14:49:03.664197"]]
  ↳ db/seeds.rb:8
  [1m[35m (1.1ms)[0m  [1m[36mcommit transaction[0m
  ↳ db/seeds.rb:8
  [1m[35m (0.0ms)[0m  [1m[36mbegin transaction[0m
  ↳ db/seeds.rb:8
  [1m[36mMutant Create (0.3ms)[0m  [1m[32mINSERT INTO "mutants" ("name", "power", "created_at", "updated_at") VALUES (?, ?, ?, ?)[0m  [["name", "Bishop"], ["power", "Energy absorption and redirection"], ["created_at", "2018-06-03 14:49:03.666901"], ["updated_at", "2018-06-03 14:49:03.666901"]]
  ↳ db/seeds.rb:8
  [1m[35m (1.5ms)[0m  [1m[36mcommit transaction[0m
  ↳ db/seeds.rb:8
  [1m[35m (0.1ms)[0m  [1m[36mbegin transaction[0m
  ↳ db/seeds.rb:8
  [1m[36mMutant Create (0.3ms)[0m  [1m[32mINSERT INTO "mutants" ("name", "power", "created_at", "updated_at") VALUES (?, ?, ?, ?)[0m  [["name", "Jubilee"], ["power", "Pyrotechnic energy plasmoid generation"], ["created_at", "2018-06-03 14:49:03.670657"], ["updated_at", "2018-06-03 14:49:03.670657"]]
  ↳ db/seeds.rb:8
  [1m[35m (1.2ms)[0m  [1m[36mcommit transaction[0m
  ↳ db/seeds.rb:8
  [1m[35m (0.0ms)[0m  [1m[36mbegin transaction[0m
  ↳ db/seeds.rb:8
  [1m[36mMutant Create (0.3ms)[0m  [1m[32mINSERT INTO "mutants" ("name", "power", "created_at", "updated_at") VALUES (?, ?, ?, ?)[0m  [["name", "Psylocke"], ["power", "Telekinesis, telekinetic katana, telepathy and precognition"], ["created_at", "2018-06-03 14:49:03.673677"], ["updated_at", "2018-06-03 14:49:03.673677"]]
  ↳ db/seeds.rb:8
  [1m[35m (1.3ms)[0m  [1m[36mcommit transaction[0m
  ↳ db/seeds.rb:8
Started GET "/mutants" for 127.0.0.1 at 2018-06-03 09:49:19 -0500
  [1m[35m (0.6ms)[0m  [1m[34mSELECT "schema_migrations"."version" FROM "schema_migrations" ORDER BY "schema_migrations"."version" ASC[0m
  ↳ /Users/sgregory/.rvm/gems/ruby-2.5.1/gems/activerecord-5.2.0/lib/active_record/log_subscriber.rb:98
Processing by MutantsController#index as HTML
  [1m[36mMutant Load (0.5ms)[0m  [1m[34mSELECT "mutants".* FROM "mutants"[0m
  ↳ app/controllers/mutants_controller.rb:8
Completed 200 OK in 11ms (Views: 7.8ms | ActiveRecord: 1.3ms)


Started GET "/mutants" for 127.0.0.1 at 2018-06-03 09:49:22 -0500
Processing by MutantsController#index as HTML
  [1m[36mMutant Load (0.3ms)[0m  [1m[34mSELECT "mutants".* FROM "mutants"[0m
  ↳ app/controllers/mutants_controller.rb:8
Completed 200 OK in 7ms (Views: 6.7ms | ActiveRecord: 0.3ms)


Started GET "/mutants" for 127.0.0.1 at 2018-06-03 16:22:39 -0500
  [1m[35m (0.5ms)[0m  [1m[34mSELECT "schema_migrations"."version" FROM "schema_migrations" ORDER BY "schema_migrations"."version" ASC[0m
  ↳ /Users/sgregory/.rvm/gems/ruby-2.5.1/gems/activerecord-5.2.0/lib/active_record/log_subscriber.rb:98
Processing by MutantsController#index as HTML
  [1m[36mMutant Load (0.7ms)[0m  [1m[34mSELECT "mutants".* FROM "mutants"[0m
  ↳ app/controllers/mutants_controller.rb:8
Completed 200 OK in 20ms (Views: 15.7ms | ActiveRecord: 1.7ms)


Started GET "/mutants" for 127.0.0.1 at 2018-06-03 18:32:54 -0500
  [1m[35m (0.5ms)[0m  [1m[34mSELECT "schema_migrations"."version" FROM "schema_migrations" ORDER BY "schema_migrations"."version" ASC[0m
  ↳ /Users/sgregory/.rvm/gems/ruby-2.5.1/gems/activerecord-5.2.0/lib/active_record/log_subscriber.rb:98
Processing by MutantsController#index as HTML
  [1m[36mMutant Load (0.7ms)[0m  [1m[34mSELECT "mutants".* FROM "mutants"[0m
  ↳ app/controllers/mutants_controller.rb:8
Completed 200 OK in 13ms (Views: 8.6ms | ActiveRecord: 1.4ms)


Started GET "/mutants" for 127.0.0.1 at 2018-06-03 18:45:02 -0500
  [1m[35m (11.8ms)[0m  [1m[34mSELECT "schema_migrations"."version" FROM "schema_migrations" ORDER BY "schema_migrations"."version" ASC[0m
  ↳ /Users/sgregory/.rvm/gems/ruby-2.5.1/gems/activerecord-5.2.0/lib/active_record/log_subscriber.rb:98
Processing by MutantsController#index as HTML
  [1m[36mMutant Load (0.6ms)[0m  [1m[34mSELECT "mutants".* FROM "mutants"[0m
  ↳ app/controllers/mutants_controller.rb:8
Completed 200 OK in 12ms (Views: 8.4ms | ActiveRecord: 1.4ms)


Started GET "/mutants" for 127.0.0.1 at 2020-04-13 10:04:26 -0500
  [1m[35m (0.6ms)[0m  [1m[34mSELECT "schema_migrations"."version" FROM "schema_migrations" ORDER BY "schema_migrations"."version" ASC[0m
  ↳ /Users/sgregory/.rvm/gems/ruby-2.5.1/gems/activerecord-5.2.0/lib/active_record/log_subscriber.rb:98
Processing by MutantsController#index as HTML
  [1m[36mMutant Load (0.9ms)[0m  [1m[34mSELECT "mutants".* FROM "mutants"[0m
  ↳ app/controllers/mutants_controller.rb:8
Completed 200 OK in 32ms (Views: 22.7ms | ActiveRecord: 1.9ms)


Started GET "/mutants" for 127.0.0.1 at 2020-04-13 10:05:10 -0500
Processing by MutantsController#index as HTML
  [1m[36mMutant Load (0.2ms)[0m  [1m[34mSELECT "mutants".* FROM "mutants"[0m
  ↳ app/controllers/mutants_controller.rb:8
Completed 200 OK in 5ms (Views: 4.1ms | ActiveRecord: 0.2ms)


Started GET "/mutants" for 127.0.0.1 at 2020-04-13 10:05:52 -0500
Processing by MutantsController#index as HTML
  [1m[36mMutant Load (1.2ms)[0m  [1m[34mSELECT "mutants".* FROM "mutants"[0m
  ↳ app/controllers/mutants_controller.rb:8
Completed 200 OK in 4ms (Views: 2.9ms | ActiveRecord: 1.2ms)


Started GET "/mutants" for 127.0.0.1 at 2020-04-13 10:07:09 -0500
Processing by MutantsController#index as HTML
  [1m[36mMutant Load (0.3ms)[0m  [1m[34mSELECT "mutants".* FROM "mutants"[0m
  ↳ app/controllers/mutants_controller.rb:8
Completed 200 OK in 6ms (Views: 5.2ms | ActiveRecord: 0.3ms)


Started GET "/mutants" for 127.0.0.1 at 2020-04-13 10:10:35 -0500
Processing by MutantsController#index as HTML
  [1m[36mMutant Load (0.5ms)[0m  [1m[34mSELECT "mutants".* FROM "mutants"[0m
  ↳ app/controllers/mutants_controller.rb:8
Completed 200 OK in 5ms (Views: 4.7ms | ActiveRecord: 0.5ms)


Started GET "/mutants" for 127.0.0.1 at 2020-04-13 10:13:25 -0500
Processing by MutantsController#index as HTML
  [1m[36mMutant Load (2.9ms)[0m  [1m[34mSELECT "mutants".* FROM "mutants"[0m
  ↳ app/controllers/mutants_controller.rb:8
Completed 200 OK in 57ms (Views: 49.5ms | ActiveRecord: 2.9ms)


